{"/Users/majaagunrilwan/projects/personal/e-commerce/src/index.js":{"path":"/Users/majaagunrilwan/projects/personal/e-commerce/src/index.js","statementMap":{"0":{"start":{"line":3,"column":29},"end":{"line":3,"column":84}},"1":{"start":{"line":5,"column":0},"end":{"line":7,"column":3}},"2":{"start":{"line":8,"column":0},"end":{"line":8,"column":28}},"3":{"start":{"line":10,"column":0},"end":{"line":10,"column":25}},"4":{"start":{"line":12,"column":18},"end":{"line":12,"column":64}},"5":{"start":{"line":14,"column":15},"end":{"line":14,"column":34}},"6":{"start":{"line":16,"column":13},"end":{"line":16,"column":62}},"7":{"start":{"line":18,"column":11},"end":{"line":18,"column":65}},"8":{"start":{"line":20,"column":0},"end":{"line":22,"column":3}},"9":{"start":{"line":21,"column":2},"end":{"line":21,"column":67}},"10":{"start":{"line":24,"column":0},"end":{"line":34,"column":3}},"11":{"start":{"line":25,"column":2},"end":{"line":33,"column":5}},"12":{"start":{"line":26,"column":4},"end":{"line":28,"column":5}},"13":{"start":{"line":27,"column":6},"end":{"line":27,"column":104}},"14":{"start":{"line":30,"column":4},"end":{"line":32,"column":7}},"15":{"start":{"line":41,"column":0},"end":{"line":41,"column":47}},"16":{"start":{"line":43,"column":15},"end":{"line":43,"column":27}},"17":{"start":{"line":44,"column":0},"end":{"line":44,"column":30}}},"fnMap":{"0":{"name":"(anonymous_0)","decl":{"start":{"line":20,"column":26},"end":{"line":20,"column":27}},"loc":{"start":{"line":20,"column":38},"end":{"line":22,"column":1}},"line":20},"1":{"name":"(anonymous_1)","decl":{"start":{"line":24,"column":22},"end":{"line":24,"column":23}},"loc":{"start":{"line":24,"column":42},"end":{"line":34,"column":1}},"line":24},"2":{"name":"(anonymous_2)","decl":{"start":{"line":25,"column":23},"end":{"line":25,"column":24}},"loc":{"start":{"line":25,"column":43},"end":{"line":33,"column":3}},"line":25}},"branchMap":{"0":{"loc":{"start":{"line":18,"column":11},"end":{"line":18,"column":65}},"type":"binary-expr","locations":[{"start":{"line":18,"column":11},"end":{"line":18,"column":37}},{"start":{"line":18,"column":41},"end":{"line":18,"column":57}},{"start":{"line":18,"column":61},"end":{"line":18,"column":65}}],"line":18},"1":{"loc":{"start":{"line":26,"column":4},"end":{"line":28,"column":5}},"type":"if","locations":[{"start":{"line":26,"column":4},"end":{"line":28,"column":5}},{"start":{"line":26,"column":4},"end":{"line":28,"column":5}}],"line":26}},"s":{"0":1,"1":1,"2":1,"3":1,"4":1,"5":1,"6":1,"7":1,"8":1,"9":1,"10":1,"11":1,"12":1,"13":0,"14":1,"15":1,"16":1,"17":1},"f":{"0":1,"1":1,"2":1},"b":{"0":[1,1,1],"1":[0,1]},"_coverageSchema":"1a1c01bbd47fc00a2c39e90264f33305004495a9","hash":"dade9d313a3f5763542a056fd716d71e89c7c9ea","contentHash":"b64c3c89c59f6f6c9da3cc19028f019f967c45801809c4c73fbdd1c10dc3d67d"},"/Users/majaagunrilwan/projects/personal/e-commerce/src/config/index.js":{"path":"/Users/majaagunrilwan/projects/personal/e-commerce/src/config/index.js","statementMap":{"0":{"start":{"line":3,"column":29},"end":{"line":3,"column":84}},"1":{"start":{"line":5,"column":0},"end":{"line":7,"column":3}},"2":{"start":{"line":8,"column":0},"end":{"line":13,"column":3}},"3":{"start":{"line":11,"column":4},"end":{"line":11,"column":27}},"4":{"start":{"line":14,"column":0},"end":{"line":19,"column":3}},"5":{"start":{"line":17,"column":4},"end":{"line":17,"column":31}},"6":{"start":{"line":20,"column":0},"end":{"line":25,"column":3}},"7":{"start":{"line":23,"column":4},"end":{"line":23,"column":30}},"8":{"start":{"line":26,"column":0},"end":{"line":31,"column":3}},"9":{"start":{"line":29,"column":4},"end":{"line":29,"column":29}},"10":{"start":{"line":32,"column":0},"end":{"line":37,"column":3}},"11":{"start":{"line":35,"column":4},"end":{"line":35,"column":36}},"12":{"start":{"line":38,"column":0},"end":{"line":43,"column":3}},"13":{"start":{"line":41,"column":4},"end":{"line":41,"column":34}},"14":{"start":{"line":44,"column":0},"end":{"line":49,"column":3}},"15":{"start":{"line":47,"column":4},"end":{"line":47,"column":34}},"16":{"start":{"line":50,"column":0},"end":{"line":55,"column":3}},"17":{"start":{"line":53,"column":4},"end":{"line":53,"column":28}},"18":{"start":{"line":56,"column":0},"end":{"line":61,"column":3}},"19":{"start":{"line":59,"column":4},"end":{"line":59,"column":37}},"20":{"start":{"line":63,"column":11},"end":{"line":63,"column":51}},"21":{"start":{"line":65,"column":15},"end":{"line":65,"column":59}},"22":{"start":{"line":67,"column":14},"end":{"line":67,"column":57}},"23":{"start":{"line":69,"column":13},"end":{"line":69,"column":55}},"24":{"start":{"line":71,"column":20},"end":{"line":71,"column":82}},"25":{"start":{"line":73,"column":18},"end":{"line":73,"column":78}},"26":{"start":{"line":75,"column":18},"end":{"line":75,"column":65}},"27":{"start":{"line":77,"column":12},"end":{"line":77,"column":53}},"28":{"start":{"line":79,"column":21},"end":{"line":79,"column":71}}},"fnMap":{"0":{"name":"get","decl":{"start":{"line":10,"column":16},"end":{"line":10,"column":19}},"loc":{"start":{"line":10,"column":22},"end":{"line":12,"column":3}},"line":10},"1":{"name":"get","decl":{"start":{"line":16,"column":16},"end":{"line":16,"column":19}},"loc":{"start":{"line":16,"column":22},"end":{"line":18,"column":3}},"line":16},"2":{"name":"get","decl":{"start":{"line":22,"column":16},"end":{"line":22,"column":19}},"loc":{"start":{"line":22,"column":22},"end":{"line":24,"column":3}},"line":22},"3":{"name":"get","decl":{"start":{"line":28,"column":16},"end":{"line":28,"column":19}},"loc":{"start":{"line":28,"column":22},"end":{"line":30,"column":3}},"line":28},"4":{"name":"get","decl":{"start":{"line":34,"column":16},"end":{"line":34,"column":19}},"loc":{"start":{"line":34,"column":22},"end":{"line":36,"column":3}},"line":34},"5":{"name":"get","decl":{"start":{"line":40,"column":16},"end":{"line":40,"column":19}},"loc":{"start":{"line":40,"column":22},"end":{"line":42,"column":3}},"line":40},"6":{"name":"get","decl":{"start":{"line":46,"column":16},"end":{"line":46,"column":19}},"loc":{"start":{"line":46,"column":22},"end":{"line":48,"column":3}},"line":46},"7":{"name":"get","decl":{"start":{"line":52,"column":16},"end":{"line":52,"column":19}},"loc":{"start":{"line":52,"column":22},"end":{"line":54,"column":3}},"line":52},"8":{"name":"get","decl":{"start":{"line":58,"column":16},"end":{"line":58,"column":19}},"loc":{"start":{"line":58,"column":22},"end":{"line":60,"column":3}},"line":58}},"branchMap":{},"s":{"0":1,"1":1,"2":1,"3":1,"4":1,"5":4,"6":1,"7":3,"8":1,"9":4,"10":1,"11":0,"12":1,"13":0,"14":1,"15":4,"16":1,"17":0,"18":1,"19":0,"20":1,"21":1,"22":1,"23":1,"24":1,"25":1,"26":1,"27":1,"28":1},"f":{"0":1,"1":4,"2":3,"3":4,"4":0,"5":0,"6":4,"7":0,"8":0},"b":{},"_coverageSchema":"1a1c01bbd47fc00a2c39e90264f33305004495a9","hash":"2ede7c8dd898ec6fac536f8ac81d33a614593005","contentHash":"43ca2ad28c90cfd08205ff15773b2bb099851cb526c44b5e508d5561db373b4d"},"/Users/majaagunrilwan/projects/personal/e-commerce/src/config/env/index.js":{"path":"/Users/majaagunrilwan/projects/personal/e-commerce/src/config/env/index.js","statementMap":{"0":{"start":{"line":3,"column":29},"end":{"line":3,"column":84}},"1":{"start":{"line":5,"column":0},"end":{"line":7,"column":3}},"2":{"start":{"line":8,"column":0},"end":{"line":8,"column":28}},"3":{"start":{"line":10,"column":19},"end":{"line":10,"column":67}},"4":{"start":{"line":12,"column":18},"end":{"line":12,"column":65}},"5":{"start":{"line":14,"column":12},"end":{"line":14,"column":53}},"6":{"start":{"line":16,"column":15},"end":{"line":16,"column":45}},"7":{"start":{"line":17,"column":15},"end":{"line":21,"column":27}},"8":{"start":{"line":22,"column":0},"end":{"line":22,"column":30}}},"fnMap":{},"branchMap":{"0":{"loc":{"start":{"line":21,"column":2},"end":{"line":21,"column":26}},"type":"binary-expr","locations":[{"start":{"line":21,"column":2},"end":{"line":21,"column":10}},{"start":{"line":21,"column":14},"end":{"line":21,"column":26}}],"line":21}},"s":{"0":1,"1":1,"2":1,"3":1,"4":1,"5":1,"6":1,"7":1,"8":1},"f":{},"b":{"0":[1,0]},"_coverageSchema":"1a1c01bbd47fc00a2c39e90264f33305004495a9","hash":"525daee2f37255e496ad0229a4593351af7d1969","contentHash":"431c8972af228e2938ed06ca027c3a95171fb1f772afe56d5e5fd0643a537194"},"/Users/majaagunrilwan/projects/personal/e-commerce/src/config/env/development.js":{"path":"/Users/majaagunrilwan/projects/personal/e-commerce/src/config/env/development.js","statementMap":{"0":{"start":{"line":3,"column":0},"end":{"line":5,"column":3}},"1":{"start":{"line":6,"column":0},"end":{"line":6,"column":28}},"2":{"start":{"line":8,"column":0},"end":{"line":8,"column":25}},"3":{"start":{"line":10,"column":15},"end":{"line":12,"column":1}},"4":{"start":{"line":13,"column":0},"end":{"line":13,"column":30}}},"fnMap":{},"branchMap":{},"s":{"0":1,"1":1,"2":1,"3":1,"4":1},"f":{},"b":{},"_coverageSchema":"1a1c01bbd47fc00a2c39e90264f33305004495a9","hash":"423440b8f7d944102d0211c328bb666211bcbe8f","contentHash":"efedbfb804fd09b9f44d80656648fdd6c6ac80f5a14a07a4cbd9b58b3b9f4163"},"/Users/majaagunrilwan/projects/personal/e-commerce/src/config/env/production.js":{"path":"/Users/majaagunrilwan/projects/personal/e-commerce/src/config/env/production.js","statementMap":{"0":{"start":{"line":3,"column":0},"end":{"line":5,"column":3}},"1":{"start":{"line":6,"column":0},"end":{"line":6,"column":28}},"2":{"start":{"line":8,"column":0},"end":{"line":8,"column":25}},"3":{"start":{"line":10,"column":15},"end":{"line":12,"column":1}},"4":{"start":{"line":13,"column":0},"end":{"line":13,"column":30}}},"fnMap":{},"branchMap":{},"s":{"0":1,"1":1,"2":1,"3":1,"4":1},"f":{},"b":{},"_coverageSchema":"1a1c01bbd47fc00a2c39e90264f33305004495a9","hash":"b1582ae2f5967b6a4759199ae988fac603886e03","contentHash":"8ed16b8abc0b5b3ce709e62d0fa7425e79bbd8407a59488a688bcc41d03b4c74"},"/Users/majaagunrilwan/projects/personal/e-commerce/src/config/env/test.js":{"path":"/Users/majaagunrilwan/projects/personal/e-commerce/src/config/env/test.js","statementMap":{"0":{"start":{"line":3,"column":0},"end":{"line":5,"column":3}},"1":{"start":{"line":6,"column":0},"end":{"line":6,"column":28}},"2":{"start":{"line":8,"column":0},"end":{"line":8,"column":25}},"3":{"start":{"line":10,"column":15},"end":{"line":12,"column":1}},"4":{"start":{"line":13,"column":0},"end":{"line":13,"column":30}}},"fnMap":{},"branchMap":{},"s":{"0":1,"1":1,"2":1,"3":1,"4":1},"f":{},"b":{},"_coverageSchema":"1a1c01bbd47fc00a2c39e90264f33305004495a9","hash":"0eb205626f686fecbcef55e8f1926a9c4aeb918b","contentHash":"a2f41db1692dddaba45789b564a71eaaef6d82ea286bc10e91ed4653ef7956c0"},"/Users/majaagunrilwan/projects/personal/e-commerce/src/config/express.js":{"path":"/Users/majaagunrilwan/projects/personal/e-commerce/src/config/express.js","statementMap":{"0":{"start":{"line":3,"column":29},"end":{"line":3,"column":84}},"1":{"start":{"line":5,"column":0},"end":{"line":7,"column":3}},"2":{"start":{"line":8,"column":0},"end":{"line":8,"column":28}},"3":{"start":{"line":10,"column":19},"end":{"line":10,"column":80}},"4":{"start":{"line":12,"column":25},"end":{"line":12,"column":99}},"5":{"start":{"line":14,"column":15},"end":{"line":14,"column":57}},"6":{"start":{"line":16,"column":18},"end":{"line":16,"column":64}},"7":{"start":{"line":18,"column":22},"end":{"line":18,"column":72}},"8":{"start":{"line":20,"column":16},"end":{"line":20,"column":59}},"9":{"start":{"line":22,"column":12},"end":{"line":22,"column":51}},"10":{"start":{"line":25,"column":10},"end":{"line":25,"column":36}},"11":{"start":{"line":26,"column":0},"end":{"line":26,"column":39}},"12":{"start":{"line":27,"column":0},"end":{"line":29,"column":4}},"13":{"start":{"line":30,"column":0},"end":{"line":34,"column":4}},"14":{"start":{"line":35,"column":0},"end":{"line":35,"column":43}},"15":{"start":{"line":36,"column":0},"end":{"line":36,"column":40}},"16":{"start":{"line":38,"column":0},"end":{"line":40,"column":3}},"17":{"start":{"line":39,"column":2},"end":{"line":39,"column":19}},"18":{"start":{"line":42,"column":0},"end":{"line":61,"column":5}},"19":{"start":{"line":43,"column":13},"end":{"line":56,"column":5}},"20":{"start":{"line":44,"column":4},"end":{"line":55,"column":16}},"21":{"start":{"line":45,"column":6},"end":{"line":54,"column":7}},"22":{"start":{"line":46,"column":8},"end":{"line":53,"column":9}},"23":{"start":{"line":48,"column":12},"end":{"line":48,"column":63}},"24":{"start":{"line":52,"column":12},"end":{"line":52,"column":35}},"25":{"start":{"line":58,"column":2},"end":{"line":60,"column":4}},"26":{"start":{"line":59,"column":4},"end":{"line":59,"column":39}},"27":{"start":{"line":63,"column":0},"end":{"line":63,"column":33}},"28":{"start":{"line":64,"column":15},"end":{"line":64,"column":18}},"29":{"start":{"line":65,"column":0},"end":{"line":65,"column":30}}},"fnMap":{"0":{"name":"(anonymous_0)","decl":{"start":{"line":38,"column":35},"end":{"line":38,"column":36}},"loc":{"start":{"line":38,"column":57},"end":{"line":40,"column":1}},"line":38},"1":{"name":"(anonymous_1)","decl":{"start":{"line":42,"column":51},"end":{"line":42,"column":52}},"loc":{"start":{"line":42,"column":63},"end":{"line":61,"column":1}},"line":42},"2":{"name":"_callee","decl":{"start":{"line":43,"column":100},"end":{"line":43,"column":107}},"loc":{"start":{"line":43,"column":120},"end":{"line":56,"column":3}},"line":43},"3":{"name":"_callee$","decl":{"start":{"line":44,"column":49},"end":{"line":44,"column":57}},"loc":{"start":{"line":44,"column":68},"end":{"line":55,"column":5}},"line":44},"4":{"name":"(anonymous_4)","decl":{"start":{"line":58,"column":9},"end":{"line":58,"column":10}},"loc":{"start":{"line":58,"column":28},"end":{"line":60,"column":3}},"line":58}},"branchMap":{"0":{"loc":{"start":{"line":46,"column":8},"end":{"line":53,"column":9}},"type":"switch","locations":[{"start":{"line":47,"column":10},"end":{"line":48,"column":63}},{"start":{"line":50,"column":10},"end":{"line":50,"column":17}},{"start":{"line":51,"column":10},"end":{"line":52,"column":35}}],"line":46}},"s":{"0":1,"1":1,"2":1,"3":1,"4":1,"5":1,"6":1,"7":1,"8":1,"9":1,"10":1,"11":1,"12":1,"13":1,"14":1,"15":1,"16":1,"17":0,"18":1,"19":1,"20":0,"21":0,"22":0,"23":0,"24":0,"25":1,"26":0,"27":1,"28":1,"29":1},"f":{"0":0,"1":1,"2":0,"3":0,"4":0},"b":{"0":[0,0,0]},"_coverageSchema":"1a1c01bbd47fc00a2c39e90264f33305004495a9","hash":"8b5da7aa49c7f600685d8b8eb2e5d1f7339cab83","contentHash":"cd6f1173cb09c63703e1a095360792eafd2d3df303185eb52a4d068edd6af5f1"},"/Users/majaagunrilwan/projects/personal/e-commerce/src/config/logger.js":{"path":"/Users/majaagunrilwan/projects/personal/e-commerce/src/config/logger.js","statementMap":{"0":{"start":{"line":3,"column":29},"end":{"line":3,"column":84}},"1":{"start":{"line":5,"column":0},"end":{"line":7,"column":3}},"2":{"start":{"line":8,"column":0},"end":{"line":8,"column":28}},"3":{"start":{"line":10,"column":15},"end":{"line":10,"column":57}},"4":{"start":{"line":12,"column":15},"end":{"line":14,"column":3}},"5":{"start":{"line":13,"column":2},"end":{"line":13,"column":89}},"6":{"start":{"line":16,"column":13},"end":{"line":20,"column":2}},"7":{"start":{"line":22,"column":15},"end":{"line":22,"column":21}},"8":{"start":{"line":23,"column":0},"end":{"line":23,"column":30}}},"fnMap":{"0":{"name":"(anonymous_0)","decl":{"start":{"line":12,"column":199},"end":{"line":12,"column":200}},"loc":{"start":{"line":12,"column":215},"end":{"line":14,"column":1}},"line":12}},"branchMap":{},"s":{"0":1,"1":1,"2":1,"3":1,"4":1,"5":3,"6":1,"7":1,"8":1},"f":{"0":3},"b":{},"_coverageSchema":"1a1c01bbd47fc00a2c39e90264f33305004495a9","hash":"ab9dd8ecdc70ad6562d0f5442c224fcd57ef30b3","contentHash":"74a46a6d05fa81cb2355862895a7efc80bb66984d72ef2ccece1f8a4bea74b2f"},"/Users/majaagunrilwan/projects/personal/e-commerce/src/config/redis.js":{"path":"/Users/majaagunrilwan/projects/personal/e-commerce/src/config/redis.js","statementMap":{"0":{"start":{"line":3,"column":29},"end":{"line":3,"column":84}},"1":{"start":{"line":5,"column":0},"end":{"line":7,"column":3}},"2":{"start":{"line":8,"column":0},"end":{"line":8,"column":28}},"3":{"start":{"line":10,"column":0},"end":{"line":10,"column":25}},"4":{"start":{"line":12,"column":13},"end":{"line":12,"column":53}},"5":{"start":{"line":14,"column":14},"end":{"line":14,"column":57}},"6":{"start":{"line":17,"column":13},"end":{"line":19,"column":2}},"7":{"start":{"line":21,"column":0},"end":{"line":23,"column":3}},"8":{"start":{"line":22,"column":2},"end":{"line":22,"column":34}},"9":{"start":{"line":24,"column":15},"end":{"line":24,"column":21}},"10":{"start":{"line":25,"column":0},"end":{"line":25,"column":30}}},"fnMap":{"0":{"name":"(anonymous_0)","decl":{"start":{"line":21,"column":19},"end":{"line":21,"column":20}},"loc":{"start":{"line":21,"column":36},"end":{"line":23,"column":1}},"line":21}},"branchMap":{},"s":{"0":1,"1":1,"2":1,"3":1,"4":1,"5":1,"6":1,"7":1,"8":0,"9":1,"10":1},"f":{"0":0},"b":{},"_coverageSchema":"1a1c01bbd47fc00a2c39e90264f33305004495a9","hash":"9f5795162818a0088dc2fe396641edc988ac06f7","contentHash":"2972bea5e7e008434436e6214b258e0cfcd9e5b1f9a0ac33a9abafacf49cec68"},"/Users/majaagunrilwan/projects/personal/e-commerce/src/controllers/facebookAuth.js":{"path":"/Users/majaagunrilwan/projects/personal/e-commerce/src/controllers/facebookAuth.js","statementMap":{"0":{"start":{"line":3,"column":29},"end":{"line":3,"column":84}},"1":{"start":{"line":5,"column":19},"end":{"line":5,"column":80}},"2":{"start":{"line":7,"column":25},"end":{"line":7,"column":99}},"3":{"start":{"line":9,"column":0},"end":{"line":9,"column":25}},"4":{"start":{"line":11,"column":12},"end":{"line":11,"column":27}},"5":{"start":{"line":13,"column":16},"end":{"line":13,"column":59}},"6":{"start":{"line":15,"column":24},"end":{"line":15,"column":76}},"7":{"start":{"line":17,"column":10},"end":{"line":17,"column":26}},"8":{"start":{"line":19,"column":16},"end":{"line":19,"column":38}},"9":{"start":{"line":21,"column":15},"end":{"line":21,"column":67}},"10":{"start":{"line":23,"column":19},"end":{"line":23,"column":44}},"11":{"start":{"line":26,"column":23},"end":{"line":26,"column":60}},"12":{"start":{"line":28,"column":0},"end":{"line":96,"column":6}},"13":{"start":{"line":34,"column":13},"end":{"line":91,"column":5}},"14":{"start":{"line":35,"column":4},"end":{"line":90,"column":17}},"15":{"start":{"line":36,"column":6},"end":{"line":89,"column":7}},"16":{"start":{"line":37,"column":8},"end":{"line":88,"column":9}},"17":{"start":{"line":39,"column":12},"end":{"line":83,"column":17}},"18":{"start":{"line":41,"column":14},"end":{"line":82,"column":43}},"19":{"start":{"line":42,"column":16},"end":{"line":81,"column":17}},"20":{"start":{"line":43,"column":18},"end":{"line":80,"column":19}},"21":{"start":{"line":45,"column":22},"end":{"line":45,"column":40}},"22":{"start":{"line":46,"column":22},"end":{"line":46,"column":40}},"23":{"start":{"line":47,"column":22},"end":{"line":47,"column":93}},"24":{"start":{"line":50,"column":22},"end":{"line":50,"column":43}},"25":{"start":{"line":52,"column":22},"end":{"line":55,"column":23}},"26":{"start":{"line":53,"column":24},"end":{"line":53,"column":42}},"27":{"start":{"line":54,"column":24},"end":{"line":54,"column":30}},"28":{"start":{"line":57,"column":22},"end":{"line":57,"column":71}},"29":{"start":{"line":60,"column":22},"end":{"line":60,"column":43}},"30":{"start":{"line":61,"column":22},"end":{"line":61,"column":46}},"31":{"start":{"line":62,"column":22},"end":{"line":62,"column":54}},"32":{"start":{"line":63,"column":22},"end":{"line":63,"column":39}},"33":{"start":{"line":64,"column":22},"end":{"line":64,"column":138}},"34":{"start":{"line":65,"column":22},"end":{"line":65,"column":41}},"35":{"start":{"line":66,"column":22},"end":{"line":66,"column":83}},"36":{"start":{"line":69,"column":22},"end":{"line":69,"column":46}},"37":{"start":{"line":70,"column":22},"end":{"line":70,"column":77}},"38":{"start":{"line":73,"column":22},"end":{"line":73,"column":41}},"39":{"start":{"line":74,"column":22},"end":{"line":74,"column":57}},"40":{"start":{"line":75,"column":22},"end":{"line":75,"column":72}},"41":{"start":{"line":79,"column":22},"end":{"line":79,"column":45}},"42":{"start":{"line":87,"column":12},"end":{"line":87,"column":36}},"43":{"start":{"line":93,"column":2},"end":{"line":95,"column":4}},"44":{"start":{"line":94,"column":4},"end":{"line":94,"column":39}},"45":{"start":{"line":98,"column":0},"end":{"line":100,"column":4}},"46":{"start":{"line":102,"column":0},"end":{"line":106,"column":3}},"47":{"start":{"line":105,"column":2},"end":{"line":105,"column":27}},"48":{"start":{"line":108,"column":0},"end":{"line":127,"column":5}},"49":{"start":{"line":109,"column":14},"end":{"line":122,"column":5}},"50":{"start":{"line":110,"column":4},"end":{"line":121,"column":17}},"51":{"start":{"line":111,"column":6},"end":{"line":120,"column":7}},"52":{"start":{"line":112,"column":8},"end":{"line":119,"column":9}},"53":{"start":{"line":114,"column":12},"end":{"line":114,"column":95}},"54":{"start":{"line":118,"column":12},"end":{"line":118,"column":36}},"55":{"start":{"line":124,"column":2},"end":{"line":126,"column":4}},"56":{"start":{"line":125,"column":4},"end":{"line":125,"column":40}},"57":{"start":{"line":129,"column":0},"end":{"line":131,"column":3}},"58":{"start":{"line":130,"column":2},"end":{"line":130,"column":29}}},"fnMap":{"0":{"name":"(anonymous_0)","decl":{"start":{"line":33,"column":16},"end":{"line":33,"column":17}},"loc":{"start":{"line":33,"column":28},"end":{"line":96,"column":1}},"line":33},"1":{"name":"_callee2","decl":{"start":{"line":34,"column":100},"end":{"line":34,"column":108}},"loc":{"start":{"line":34,"column":149},"end":{"line":91,"column":3}},"line":34},"2":{"name":"_callee2$","decl":{"start":{"line":35,"column":49},"end":{"line":35,"column":58}},"loc":{"start":{"line":35,"column":70},"end":{"line":90,"column":5}},"line":35},"3":{"name":"_callee","decl":{"start":{"line":39,"column":130},"end":{"line":39,"column":137}},"loc":{"start":{"line":39,"column":140},"end":{"line":83,"column":13}},"line":39},"4":{"name":"_callee$","decl":{"start":{"line":41,"column":59},"end":{"line":41,"column":67}},"loc":{"start":{"line":41,"column":78},"end":{"line":82,"column":15}},"line":41},"5":{"name":"(anonymous_5)","decl":{"start":{"line":93,"column":9},"end":{"line":93,"column":10}},"loc":{"start":{"line":93,"column":38},"end":{"line":95,"column":3}},"line":93},"6":{"name":"(anonymous_6)","decl":{"start":{"line":104,"column":4},"end":{"line":104,"column":5}},"loc":{"start":{"line":104,"column":24},"end":{"line":106,"column":1}},"line":104},"7":{"name":"(anonymous_7)","decl":{"start":{"line":108,"column":49},"end":{"line":108,"column":50}},"loc":{"start":{"line":108,"column":61},"end":{"line":127,"column":1}},"line":108},"8":{"name":"_callee3","decl":{"start":{"line":109,"column":101},"end":{"line":109,"column":109}},"loc":{"start":{"line":109,"column":120},"end":{"line":122,"column":3}},"line":109},"9":{"name":"_callee3$","decl":{"start":{"line":110,"column":49},"end":{"line":110,"column":58}},"loc":{"start":{"line":110,"column":70},"end":{"line":121,"column":5}},"line":110},"10":{"name":"(anonymous_10)","decl":{"start":{"line":124,"column":9},"end":{"line":124,"column":10}},"loc":{"start":{"line":124,"column":29},"end":{"line":126,"column":3}},"line":124},"11":{"name":"(anonymous_11)","decl":{"start":{"line":129,"column":35},"end":{"line":129,"column":36}},"loc":{"start":{"line":129,"column":55},"end":{"line":131,"column":1}},"line":129}},"branchMap":{"0":{"loc":{"start":{"line":37,"column":8},"end":{"line":88,"column":9}},"type":"switch","locations":[{"start":{"line":38,"column":10},"end":{"line":83,"column":17}},{"start":{"line":85,"column":10},"end":{"line":85,"column":17}},{"start":{"line":86,"column":10},"end":{"line":87,"column":36}}],"line":37},"1":{"loc":{"start":{"line":43,"column":18},"end":{"line":80,"column":19}},"type":"switch","locations":[{"start":{"line":44,"column":20},"end":{"line":47,"column":93}},{"start":{"line":49,"column":20},"end":{"line":57,"column":71}},{"start":{"line":59,"column":20},"end":{"line":66,"column":83}},{"start":{"line":68,"column":20},"end":{"line":70,"column":77}},{"start":{"line":72,"column":20},"end":{"line":75,"column":72}},{"start":{"line":77,"column":20},"end":{"line":77,"column":28}},{"start":{"line":78,"column":20},"end":{"line":79,"column":45}}],"line":43},"2":{"loc":{"start":{"line":52,"column":22},"end":{"line":55,"column":23}},"type":"if","locations":[{"start":{"line":52,"column":22},"end":{"line":55,"column":23}},{"start":{"line":52,"column":22},"end":{"line":55,"column":23}}],"line":52},"3":{"loc":{"start":{"line":112,"column":8},"end":{"line":119,"column":9}},"type":"switch","locations":[{"start":{"line":113,"column":10},"end":{"line":114,"column":95}},{"start":{"line":116,"column":10},"end":{"line":116,"column":17}},{"start":{"line":117,"column":10},"end":{"line":118,"column":36}}],"line":112}},"s":{"0":1,"1":1,"2":1,"3":1,"4":1,"5":1,"6":1,"7":1,"8":1,"9":1,"10":1,"11":1,"12":1,"13":1,"14":0,"15":0,"16":0,"17":0,"18":0,"19":0,"20":0,"21":0,"22":0,"23":0,"24":0,"25":0,"26":0,"27":0,"28":0,"29":0,"30":0,"31":0,"32":0,"33":0,"34":0,"35":0,"36":0,"37":0,"38":0,"39":0,"40":0,"41":0,"42":0,"43":1,"44":0,"45":1,"46":1,"47":0,"48":1,"49":1,"50":0,"51":0,"52":0,"53":0,"54":0,"55":1,"56":0,"57":1,"58":0},"f":{"0":1,"1":0,"2":0,"3":0,"4":0,"5":0,"6":0,"7":1,"8":0,"9":0,"10":0,"11":0},"b":{"0":[0,0,0],"1":[0,0,0,0,0,0,0],"2":[0,0],"3":[0,0,0]},"_coverageSchema":"1a1c01bbd47fc00a2c39e90264f33305004495a9","hash":"081ed44420766539d3759962727667f653c3e57a","contentHash":"881ad8de30e5296a83487893a0573599905236b055c79d3524c6c9fb46637f27"},"/Users/majaagunrilwan/projects/personal/e-commerce/src/db/index.js":{"path":"/Users/majaagunrilwan/projects/personal/e-commerce/src/db/index.js","statementMap":{"0":{"start":{"line":3,"column":29},"end":{"line":3,"column":84}},"1":{"start":{"line":5,"column":0},"end":{"line":7,"column":3}},"2":{"start":{"line":8,"column":0},"end":{"line":13,"column":3}},"3":{"start":{"line":11,"column":4},"end":{"line":11,"column":32}},"4":{"start":{"line":14,"column":0},"end":{"line":19,"column":3}},"5":{"start":{"line":17,"column":4},"end":{"line":17,"column":29}},"6":{"start":{"line":20,"column":0},"end":{"line":25,"column":3}},"7":{"start":{"line":23,"column":4},"end":{"line":23,"column":32}},"8":{"start":{"line":26,"column":0},"end":{"line":31,"column":3}},"9":{"start":{"line":29,"column":4},"end":{"line":29,"column":31}},"10":{"start":{"line":32,"column":0},"end":{"line":37,"column":3}},"11":{"start":{"line":35,"column":4},"end":{"line":35,"column":35}},"12":{"start":{"line":39,"column":16},"end":{"line":39,"column":67}},"13":{"start":{"line":41,"column":13},"end":{"line":41,"column":63}},"14":{"start":{"line":43,"column":16},"end":{"line":43,"column":69}},"15":{"start":{"line":45,"column":15},"end":{"line":45,"column":67}},"16":{"start":{"line":47,"column":19},"end":{"line":47,"column":75}}},"fnMap":{"0":{"name":"get","decl":{"start":{"line":10,"column":16},"end":{"line":10,"column":19}},"loc":{"start":{"line":10,"column":22},"end":{"line":12,"column":3}},"line":10},"1":{"name":"get","decl":{"start":{"line":16,"column":16},"end":{"line":16,"column":19}},"loc":{"start":{"line":16,"column":22},"end":{"line":18,"column":3}},"line":16},"2":{"name":"get","decl":{"start":{"line":22,"column":16},"end":{"line":22,"column":19}},"loc":{"start":{"line":22,"column":22},"end":{"line":24,"column":3}},"line":22},"3":{"name":"get","decl":{"start":{"line":28,"column":16},"end":{"line":28,"column":19}},"loc":{"start":{"line":28,"column":22},"end":{"line":30,"column":3}},"line":28},"4":{"name":"get","decl":{"start":{"line":34,"column":16},"end":{"line":34,"column":19}},"loc":{"start":{"line":34,"column":22},"end":{"line":36,"column":3}},"line":34}},"branchMap":{},"s":{"0":1,"1":1,"2":1,"3":33,"4":1,"5":14,"6":1,"7":6,"8":1,"9":10,"10":1,"11":3,"12":1,"13":1,"14":1,"15":1,"16":1},"f":{"0":33,"1":14,"2":6,"3":10,"4":3},"b":{},"_coverageSchema":"1a1c01bbd47fc00a2c39e90264f33305004495a9","hash":"00775e14a200f46aff04fd5b902d0fc7b7c454fb","contentHash":"ffcd84c10677a553d8f72ffb6d650d1598edf1d9eaae83f324e69c2ee871caa6"},"/Users/majaagunrilwan/projects/personal/e-commerce/src/db/setup/postgres.js":{"path":"/Users/majaagunrilwan/projects/personal/e-commerce/src/db/setup/postgres.js","statementMap":{"0":{"start":{"line":3,"column":29},"end":{"line":3,"column":84}},"1":{"start":{"line":5,"column":0},"end":{"line":7,"column":3}},"2":{"start":{"line":8,"column":0},"end":{"line":8,"column":28}},"3":{"start":{"line":10,"column":0},"end":{"line":10,"column":25}},"4":{"start":{"line":12,"column":16},"end":{"line":12,"column":59}},"5":{"start":{"line":14,"column":17},"end":{"line":14,"column":62}},"6":{"start":{"line":16,"column":15},"end":{"line":16,"column":62}},"7":{"start":{"line":19,"column":14},"end":{"line":21,"column":1}},"8":{"start":{"line":22,"column":10},"end":{"line":22,"column":45}},"9":{"start":{"line":23,"column":9},"end":{"line":23,"column":46}},"10":{"start":{"line":24,"column":15},"end":{"line":24,"column":17}},"11":{"start":{"line":25,"column":0},"end":{"line":25,"column":30}}},"fnMap":{},"branchMap":{},"s":{"0":1,"1":1,"2":1,"3":1,"4":1,"5":1,"6":1,"7":1,"8":1,"9":1,"10":1,"11":1},"f":{},"b":{},"_coverageSchema":"1a1c01bbd47fc00a2c39e90264f33305004495a9","hash":"1b898cf185f4dbe238eda7ac0ce549195b9d7d9d","contentHash":"69607d37aed5fb08cbade7c4116fb51bddd041eaa2b5a6814ff53395ff77c044"},"/Users/majaagunrilwan/projects/personal/e-commerce/src/db/queries/users.js":{"path":"/Users/majaagunrilwan/projects/personal/e-commerce/src/db/queries/users.js","statementMap":{"0":{"start":{"line":3,"column":0},"end":{"line":5,"column":3}},"1":{"start":{"line":6,"column":0},"end":{"line":6,"column":28}},"2":{"start":{"line":7,"column":15},"end":{"line":13,"column":1}},"3":{"start":{"line":14,"column":0},"end":{"line":14,"column":30}}},"fnMap":{},"branchMap":{},"s":{"0":1,"1":1,"2":1,"3":1},"f":{},"b":{},"_coverageSchema":"1a1c01bbd47fc00a2c39e90264f33305004495a9","hash":"64a1bcf6593dffa664956d806fb5b9ebb9a93272","contentHash":"e28fcc7ee4479d1044831d8981b1d41696044708d1f4f69ca51d3df4044fddf7"},"/Users/majaagunrilwan/projects/personal/e-commerce/src/db/queries/category.js":{"path":"/Users/majaagunrilwan/projects/personal/e-commerce/src/db/queries/category.js","statementMap":{"0":{"start":{"line":3,"column":0},"end":{"line":5,"column":3}},"1":{"start":{"line":6,"column":0},"end":{"line":6,"column":28}},"2":{"start":{"line":7,"column":15},"end":{"line":13,"column":1}},"3":{"start":{"line":14,"column":0},"end":{"line":14,"column":30}}},"fnMap":{},"branchMap":{},"s":{"0":1,"1":1,"2":1,"3":1},"f":{},"b":{},"_coverageSchema":"1a1c01bbd47fc00a2c39e90264f33305004495a9","hash":"0d08edb312537836aa685029950f9e4c3225f327","contentHash":"3dfabdeeeeae5b207d112211c1a52ac79e63e1dd229a98fe41c8c2cabb9448a9"},"/Users/majaagunrilwan/projects/personal/e-commerce/src/db/queries/product.js":{"path":"/Users/majaagunrilwan/projects/personal/e-commerce/src/db/queries/product.js","statementMap":{"0":{"start":{"line":3,"column":0},"end":{"line":5,"column":3}},"1":{"start":{"line":6,"column":0},"end":{"line":6,"column":28}},"2":{"start":{"line":7,"column":15},"end":{"line":18,"column":1}},"3":{"start":{"line":19,"column":0},"end":{"line":19,"column":30}}},"fnMap":{},"branchMap":{},"s":{"0":1,"1":1,"2":1,"3":1},"f":{},"b":{},"_coverageSchema":"1a1c01bbd47fc00a2c39e90264f33305004495a9","hash":"45bfed26bfcc7d20b94f1c5d21f5435da2c956a2","contentHash":"9385336a81eabc4e30978b7165e4b80dda4a1f84ab5cbea351231f21ed836e3e"},"/Users/majaagunrilwan/projects/personal/e-commerce/src/db/queries/ordersQuery.js":{"path":"/Users/majaagunrilwan/projects/personal/e-commerce/src/db/queries/ordersQuery.js","statementMap":{"0":{"start":{"line":3,"column":0},"end":{"line":5,"column":3}},"1":{"start":{"line":6,"column":0},"end":{"line":6,"column":28}},"2":{"start":{"line":7,"column":15},"end":{"line":20,"column":1}},"3":{"start":{"line":21,"column":0},"end":{"line":21,"column":30}}},"fnMap":{},"branchMap":{},"s":{"0":1,"1":1,"2":1,"3":1},"f":{},"b":{},"_coverageSchema":"1a1c01bbd47fc00a2c39e90264f33305004495a9","hash":"a51465341401d5f152709fa6d20683224e427f9e","contentHash":"bcf978b893d387e59505741b12cdc73188122e7bb59d6ab9c0a7c1f91ebd2a2c"},"/Users/majaagunrilwan/projects/personal/e-commerce/src/services/index.js":{"path":"/Users/majaagunrilwan/projects/personal/e-commerce/src/services/index.js","statementMap":{"0":{"start":{"line":3,"column":29},"end":{"line":3,"column":84}},"1":{"start":{"line":5,"column":0},"end":{"line":7,"column":3}},"2":{"start":{"line":8,"column":0},"end":{"line":13,"column":3}},"3":{"start":{"line":11,"column":4},"end":{"line":11,"column":35}},"4":{"start":{"line":14,"column":0},"end":{"line":19,"column":3}},"5":{"start":{"line":17,"column":4},"end":{"line":17,"column":39}},"6":{"start":{"line":20,"column":0},"end":{"line":25,"column":3}},"7":{"start":{"line":23,"column":4},"end":{"line":23,"column":29}},"8":{"start":{"line":26,"column":0},"end":{"line":31,"column":3}},"9":{"start":{"line":29,"column":4},"end":{"line":29,"column":31}},"10":{"start":{"line":32,"column":0},"end":{"line":37,"column":3}},"11":{"start":{"line":35,"column":4},"end":{"line":35,"column":30}},"12":{"start":{"line":39,"column":19},"end":{"line":39,"column":67}},"13":{"start":{"line":41,"column":23},"end":{"line":41,"column":75}},"14":{"start":{"line":43,"column":13},"end":{"line":43,"column":55}},"15":{"start":{"line":45,"column":15},"end":{"line":45,"column":59}},"16":{"start":{"line":47,"column":14},"end":{"line":47,"column":57}}},"fnMap":{"0":{"name":"get","decl":{"start":{"line":10,"column":16},"end":{"line":10,"column":19}},"loc":{"start":{"line":10,"column":22},"end":{"line":12,"column":3}},"line":10},"1":{"name":"get","decl":{"start":{"line":16,"column":16},"end":{"line":16,"column":19}},"loc":{"start":{"line":16,"column":22},"end":{"line":18,"column":3}},"line":16},"2":{"name":"get","decl":{"start":{"line":22,"column":16},"end":{"line":22,"column":19}},"loc":{"start":{"line":22,"column":22},"end":{"line":24,"column":3}},"line":22},"3":{"name":"get","decl":{"start":{"line":28,"column":16},"end":{"line":28,"column":19}},"loc":{"start":{"line":28,"column":22},"end":{"line":30,"column":3}},"line":28},"4":{"name":"get","decl":{"start":{"line":34,"column":16},"end":{"line":34,"column":19}},"loc":{"start":{"line":34,"column":22},"end":{"line":36,"column":3}},"line":34}},"branchMap":{},"s":{"0":1,"1":1,"2":1,"3":14,"4":1,"5":6,"6":1,"7":0,"8":1,"9":9,"10":1,"11":3,"12":1,"13":1,"14":1,"15":1,"16":1},"f":{"0":14,"1":6,"2":0,"3":9,"4":3},"b":{},"_coverageSchema":"1a1c01bbd47fc00a2c39e90264f33305004495a9","hash":"bfbf404431c37ad76acfddaba5ba489531ded1d1","contentHash":"c74bbd33845208d2469041aa73fc651ac06d94a5950711f98ec2c14636237f1f"},"/Users/majaagunrilwan/projects/personal/e-commerce/src/services/userService.js":{"path":"/Users/majaagunrilwan/projects/personal/e-commerce/src/services/userService.js","statementMap":{"0":{"start":{"line":3,"column":29},"end":{"line":3,"column":84}},"1":{"start":{"line":5,"column":0},"end":{"line":7,"column":3}},"2":{"start":{"line":8,"column":0},"end":{"line":8,"column":28}},"3":{"start":{"line":10,"column":19},"end":{"line":10,"column":80}},"4":{"start":{"line":12,"column":25},"end":{"line":12,"column":99}},"5":{"start":{"line":14,"column":12},"end":{"line":14,"column":27}},"6":{"start":{"line":16,"column":10},"end":{"line":16,"column":26}},"7":{"start":{"line":18,"column":13},"end":{"line":18,"column":32}},"8":{"start":{"line":22,"column":30},"end":{"line":56,"column":3}},"9":{"start":{"line":23,"column":13},"end":{"line":51,"column":5}},"10":{"start":{"line":25,"column":4},"end":{"line":50,"column":16}},"11":{"start":{"line":26,"column":6},"end":{"line":49,"column":7}},"12":{"start":{"line":27,"column":8},"end":{"line":48,"column":9}},"13":{"start":{"line":29,"column":12},"end":{"line":29,"column":33}},"14":{"start":{"line":30,"column":12},"end":{"line":30,"column":149}},"15":{"start":{"line":31,"column":12},"end":{"line":31,"column":48}},"16":{"start":{"line":33,"column":12},"end":{"line":35,"column":14}},"17":{"start":{"line":34,"column":14},"end":{"line":34,"column":78}},"18":{"start":{"line":37,"column":12},"end":{"line":39,"column":14}},"19":{"start":{"line":38,"column":14},"end":{"line":38,"column":76}},"20":{"start":{"line":41,"column":12},"end":{"line":41,"column":64}},"21":{"start":{"line":42,"column":12},"end":{"line":42,"column":141}},"22":{"start":{"line":43,"column":12},"end":{"line":43,"column":92}},"23":{"start":{"line":47,"column":12},"end":{"line":47,"column":35}},"24":{"start":{"line":53,"column":2},"end":{"line":55,"column":4}},"25":{"start":{"line":54,"column":4},"end":{"line":54,"column":39}},"26":{"start":{"line":58,"column":36},"end":{"line":84,"column":3}},"27":{"start":{"line":59,"column":14},"end":{"line":79,"column":5}},"28":{"start":{"line":61,"column":4},"end":{"line":78,"column":17}},"29":{"start":{"line":62,"column":6},"end":{"line":77,"column":7}},"30":{"start":{"line":63,"column":8},"end":{"line":76,"column":9}},"31":{"start":{"line":65,"column":12},"end":{"line":65,"column":48}},"32":{"start":{"line":66,"column":12},"end":{"line":66,"column":31}},"33":{"start":{"line":67,"column":12},"end":{"line":67,"column":76}},"34":{"start":{"line":70,"column":12},"end":{"line":70,"column":34}},"35":{"start":{"line":71,"column":12},"end":{"line":71,"column":52}},"36":{"start":{"line":75,"column":12},"end":{"line":75,"column":36}},"37":{"start":{"line":81,"column":2},"end":{"line":83,"column":4}},"38":{"start":{"line":82,"column":4},"end":{"line":82,"column":40}},"39":{"start":{"line":86,"column":32},"end":{"line":111,"column":3}},"40":{"start":{"line":87,"column":14},"end":{"line":106,"column":5}},"41":{"start":{"line":89,"column":4},"end":{"line":105,"column":17}},"42":{"start":{"line":90,"column":6},"end":{"line":104,"column":7}},"43":{"start":{"line":91,"column":8},"end":{"line":103,"column":9}},"44":{"start":{"line":93,"column":12},"end":{"line":93,"column":31}},"45":{"start":{"line":94,"column":12},"end":{"line":94,"column":73}},"46":{"start":{"line":97,"column":12},"end":{"line":97,"column":34}},"47":{"start":{"line":98,"column":12},"end":{"line":98,"column":52}},"48":{"start":{"line":102,"column":12},"end":{"line":102,"column":36}},"49":{"start":{"line":108,"column":2},"end":{"line":110,"column":4}},"50":{"start":{"line":109,"column":4},"end":{"line":109,"column":40}},"51":{"start":{"line":113,"column":33},"end":{"line":136,"column":3}},"52":{"start":{"line":114,"column":14},"end":{"line":131,"column":5}},"53":{"start":{"line":116,"column":4},"end":{"line":130,"column":17}},"54":{"start":{"line":117,"column":6},"end":{"line":129,"column":7}},"55":{"start":{"line":118,"column":8},"end":{"line":128,"column":9}},"56":{"start":{"line":120,"column":12},"end":{"line":120,"column":37}},"57":{"start":{"line":121,"column":12},"end":{"line":121,"column":64}},"58":{"start":{"line":122,"column":12},"end":{"line":122,"column":51}},"59":{"start":{"line":123,"column":12},"end":{"line":123,"column":102}},"60":{"start":{"line":127,"column":12},"end":{"line":127,"column":36}},"61":{"start":{"line":133,"column":2},"end":{"line":135,"column":4}},"62":{"start":{"line":134,"column":4},"end":{"line":134,"column":40}},"63":{"start":{"line":138,"column":15},"end":{"line":143,"column":1}},"64":{"start":{"line":144,"column":0},"end":{"line":144,"column":30}}},"fnMap":{"0":{"name":"(anonymous_0)","decl":{"start":{"line":22,"column":30},"end":{"line":22,"column":31}},"loc":{"start":{"line":22,"column":42},"end":{"line":56,"column":1}},"line":22},"1":{"name":"_callee","decl":{"start":{"line":23,"column":100},"end":{"line":23,"column":107}},"loc":{"start":{"line":23,"column":114},"end":{"line":51,"column":3}},"line":23},"2":{"name":"_callee$","decl":{"start":{"line":25,"column":49},"end":{"line":25,"column":57}},"loc":{"start":{"line":25,"column":68},"end":{"line":50,"column":5}},"line":25},"3":{"name":"firsName","decl":{"start":{"line":33,"column":32},"end":{"line":33,"column":40}},"loc":{"start":{"line":33,"column":53},"end":{"line":35,"column":13}},"line":33},"4":{"name":"LastName","decl":{"start":{"line":37,"column":32},"end":{"line":37,"column":40}},"loc":{"start":{"line":37,"column":52},"end":{"line":39,"column":13}},"line":37},"5":{"name":"createUser","decl":{"start":{"line":53,"column":18},"end":{"line":53,"column":28}},"loc":{"start":{"line":53,"column":33},"end":{"line":55,"column":3}},"line":53},"6":{"name":"(anonymous_6)","decl":{"start":{"line":58,"column":36},"end":{"line":58,"column":37}},"loc":{"start":{"line":58,"column":48},"end":{"line":84,"column":1}},"line":58},"7":{"name":"_callee2","decl":{"start":{"line":59,"column":101},"end":{"line":59,"column":109}},"loc":{"start":{"line":59,"column":117},"end":{"line":79,"column":3}},"line":59},"8":{"name":"_callee2$","decl":{"start":{"line":61,"column":49},"end":{"line":61,"column":58}},"loc":{"start":{"line":61,"column":70},"end":{"line":78,"column":5}},"line":61},"9":{"name":"checkIfUserExist","decl":{"start":{"line":81,"column":18},"end":{"line":81,"column":34}},"loc":{"start":{"line":81,"column":40},"end":{"line":83,"column":3}},"line":81},"10":{"name":"(anonymous_10)","decl":{"start":{"line":86,"column":32},"end":{"line":86,"column":33}},"loc":{"start":{"line":86,"column":44},"end":{"line":111,"column":1}},"line":86},"11":{"name":"_callee3","decl":{"start":{"line":87,"column":101},"end":{"line":87,"column":109}},"loc":{"start":{"line":87,"column":117},"end":{"line":106,"column":3}},"line":87},"12":{"name":"_callee3$","decl":{"start":{"line":89,"column":49},"end":{"line":89,"column":58}},"loc":{"start":{"line":89,"column":70},"end":{"line":105,"column":5}},"line":89},"13":{"name":"activateUser","decl":{"start":{"line":108,"column":18},"end":{"line":108,"column":30}},"loc":{"start":{"line":108,"column":36},"end":{"line":110,"column":3}},"line":108},"14":{"name":"(anonymous_14)","decl":{"start":{"line":113,"column":33},"end":{"line":113,"column":34}},"loc":{"start":{"line":113,"column":45},"end":{"line":136,"column":1}},"line":113},"15":{"name":"_callee4","decl":{"start":{"line":114,"column":101},"end":{"line":114,"column":109}},"loc":{"start":{"line":114,"column":123},"end":{"line":131,"column":3}},"line":114},"16":{"name":"_callee4$","decl":{"start":{"line":116,"column":49},"end":{"line":116,"column":58}},"loc":{"start":{"line":116,"column":70},"end":{"line":130,"column":5}},"line":116},"17":{"name":"resetPassword","decl":{"start":{"line":133,"column":18},"end":{"line":133,"column":31}},"loc":{"start":{"line":133,"column":42},"end":{"line":135,"column":3}},"line":133}},"branchMap":{"0":{"loc":{"start":{"line":27,"column":8},"end":{"line":48,"column":9}},"type":"switch","locations":[{"start":{"line":28,"column":10},"end":{"line":43,"column":92}},{"start":{"line":45,"column":10},"end":{"line":45,"column":17}},{"start":{"line":46,"column":10},"end":{"line":47,"column":35}}],"line":27},"1":{"loc":{"start":{"line":63,"column":8},"end":{"line":76,"column":9}},"type":"switch","locations":[{"start":{"line":64,"column":10},"end":{"line":67,"column":76}},{"start":{"line":69,"column":10},"end":{"line":71,"column":52}},{"start":{"line":73,"column":10},"end":{"line":73,"column":17}},{"start":{"line":74,"column":10},"end":{"line":75,"column":36}}],"line":63},"2":{"loc":{"start":{"line":91,"column":8},"end":{"line":103,"column":9}},"type":"switch","locations":[{"start":{"line":92,"column":10},"end":{"line":94,"column":73}},{"start":{"line":96,"column":10},"end":{"line":98,"column":52}},{"start":{"line":100,"column":10},"end":{"line":100,"column":17}},{"start":{"line":101,"column":10},"end":{"line":102,"column":36}}],"line":91},"3":{"loc":{"start":{"line":118,"column":8},"end":{"line":128,"column":9}},"type":"switch","locations":[{"start":{"line":119,"column":10},"end":{"line":123,"column":102}},{"start":{"line":125,"column":10},"end":{"line":125,"column":17}},{"start":{"line":126,"column":10},"end":{"line":127,"column":36}}],"line":118}},"s":{"0":1,"1":1,"2":1,"3":1,"4":1,"5":1,"6":1,"7":1,"8":1,"9":1,"10":1,"11":2,"12":2,"13":1,"14":1,"15":1,"16":1,"17":1,"18":1,"19":1,"20":1,"21":1,"22":1,"23":1,"24":1,"25":1,"26":1,"27":1,"28":11,"29":33,"30":33,"31":11,"32":11,"33":11,"34":11,"35":11,"36":11,"37":1,"38":11,"39":1,"40":1,"41":1,"42":3,"43":3,"44":1,"45":1,"46":1,"47":1,"48":1,"49":1,"50":1,"51":1,"52":1,"53":1,"54":2,"55":2,"56":1,"57":1,"58":1,"59":1,"60":1,"61":1,"62":1,"63":1,"64":1},"f":{"0":1,"1":1,"2":2,"3":1,"4":1,"5":1,"6":1,"7":11,"8":33,"9":11,"10":1,"11":1,"12":3,"13":1,"14":1,"15":1,"16":2,"17":1},"b":{"0":[1,0,1],"1":[11,11,0,11],"2":[1,1,0,1],"3":[1,0,1]},"_coverageSchema":"1a1c01bbd47fc00a2c39e90264f33305004495a9","hash":"50fda6304636376c0d53ab37e662d02300b3c654","contentHash":"9bb51c3b4ff218bd8e13dec3057e74d4c69cc6f0de9fa5c070269e535548a972"},"/Users/majaagunrilwan/projects/personal/e-commerce/src/utils/index.js":{"path":"/Users/majaagunrilwan/projects/personal/e-commerce/src/utils/index.js","statementMap":{"0":{"start":{"line":3,"column":29},"end":{"line":3,"column":84}},"1":{"start":{"line":5,"column":0},"end":{"line":7,"column":3}},"2":{"start":{"line":8,"column":0},"end":{"line":13,"column":3}},"3":{"start":{"line":11,"column":4},"end":{"line":11,"column":28}},"4":{"start":{"line":14,"column":0},"end":{"line":19,"column":3}},"5":{"start":{"line":17,"column":4},"end":{"line":17,"column":32}},"6":{"start":{"line":20,"column":0},"end":{"line":25,"column":3}},"7":{"start":{"line":23,"column":4},"end":{"line":23,"column":30}},"8":{"start":{"line":27,"column":12},"end":{"line":27,"column":58}},"9":{"start":{"line":29,"column":16},"end":{"line":29,"column":61}},"10":{"start":{"line":31,"column":14},"end":{"line":31,"column":57}}},"fnMap":{"0":{"name":"get","decl":{"start":{"line":10,"column":16},"end":{"line":10,"column":19}},"loc":{"start":{"line":10,"column":22},"end":{"line":12,"column":3}},"line":10},"1":{"name":"get","decl":{"start":{"line":16,"column":16},"end":{"line":16,"column":19}},"loc":{"start":{"line":16,"column":22},"end":{"line":18,"column":3}},"line":16},"2":{"name":"get","decl":{"start":{"line":22,"column":16},"end":{"line":22,"column":19}},"loc":{"start":{"line":22,"column":22},"end":{"line":24,"column":3}},"line":22}},"branchMap":{},"s":{"0":1,"1":1,"2":1,"3":14,"4":1,"5":11,"6":1,"7":1,"8":1,"9":1,"10":1},"f":{"0":14,"1":11,"2":1},"b":{},"_coverageSchema":"1a1c01bbd47fc00a2c39e90264f33305004495a9","hash":"5933892a5bc9b61fc137fecf218974417db19d40","contentHash":"75e809a717c29599993d90c32cad6176f5da78c3c9e2b50c9e31b81ddae51664"},"/Users/majaagunrilwan/projects/personal/e-commerce/src/utils/hash/hash.js":{"path":"/Users/majaagunrilwan/projects/personal/e-commerce/src/utils/hash/hash.js","statementMap":{"0":{"start":{"line":3,"column":29},"end":{"line":3,"column":84}},"1":{"start":{"line":5,"column":0},"end":{"line":7,"column":3}},"2":{"start":{"line":8,"column":0},"end":{"line":8,"column":28}},"3":{"start":{"line":10,"column":19},"end":{"line":10,"column":80}},"4":{"start":{"line":12,"column":25},"end":{"line":12,"column":99}},"5":{"start":{"line":14,"column":0},"end":{"line":14,"column":25}},"6":{"start":{"line":16,"column":14},"end":{"line":16,"column":55}},"7":{"start":{"line":18,"column":20},"end":{"line":18,"column":67}},"8":{"start":{"line":20,"column":14},"end":{"line":99,"column":1}},"9":{"start":{"line":22,"column":21},"end":{"line":22,"column":23}},"10":{"start":{"line":24,"column":15},"end":{"line":24,"column":57}},"11":{"start":{"line":26,"column":15},"end":{"line":26,"column":58}},"12":{"start":{"line":28,"column":4},"end":{"line":33,"column":5}},"13":{"start":{"line":29,"column":6},"end":{"line":32,"column":8}},"14":{"start":{"line":35,"column":4},"end":{"line":35,"column":17}},"15":{"start":{"line":38,"column":4},"end":{"line":59,"column":10}},"16":{"start":{"line":40,"column":6},"end":{"line":58,"column":18}},"17":{"start":{"line":41,"column":8},"end":{"line":57,"column":9}},"18":{"start":{"line":42,"column":10},"end":{"line":56,"column":11}},"19":{"start":{"line":44,"column":14},"end":{"line":44,"column":43}},"20":{"start":{"line":45,"column":14},"end":{"line":50,"column":17}},"21":{"start":{"line":51,"column":14},"end":{"line":51,"column":54}},"22":{"start":{"line":55,"column":14},"end":{"line":55,"column":37}},"23":{"start":{"line":62,"column":4},"end":{"line":81,"column":10}},"24":{"start":{"line":64,"column":6},"end":{"line":80,"column":19}},"25":{"start":{"line":65,"column":8},"end":{"line":79,"column":9}},"26":{"start":{"line":66,"column":10},"end":{"line":78,"column":11}},"27":{"start":{"line":68,"column":14},"end":{"line":68,"column":33}},"28":{"start":{"line":69,"column":14},"end":{"line":69,"column":64}},"29":{"start":{"line":72,"column":14},"end":{"line":72,"column":37}},"30":{"start":{"line":73,"column":14},"end":{"line":73,"column":55}},"31":{"start":{"line":77,"column":14},"end":{"line":77,"column":38}},"32":{"start":{"line":84,"column":4},"end":{"line":97,"column":10}},"33":{"start":{"line":85,"column":6},"end":{"line":96,"column":19}},"34":{"start":{"line":86,"column":8},"end":{"line":95,"column":9}},"35":{"start":{"line":87,"column":10},"end":{"line":94,"column":11}},"36":{"start":{"line":89,"column":14},"end":{"line":89,"column":112}},"37":{"start":{"line":93,"column":14},"end":{"line":93,"column":38}},"38":{"start":{"line":100,"column":15},"end":{"line":100,"column":22}},"39":{"start":{"line":101,"column":0},"end":{"line":101,"column":30}}},"fnMap":{"0":{"name":"hashPassword","decl":{"start":{"line":21,"column":25},"end":{"line":21,"column":37}},"loc":{"start":{"line":21,"column":48},"end":{"line":36,"column":3}},"line":21},"1":{"name":"generateToken","decl":{"start":{"line":37,"column":26},"end":{"line":37,"column":39}},"loc":{"start":{"line":37,"column":59},"end":{"line":60,"column":3}},"line":37},"2":{"name":"_callee","decl":{"start":{"line":38,"column":98},"end":{"line":38,"column":105}},"loc":{"start":{"line":38,"column":108},"end":{"line":59,"column":5}},"line":38},"3":{"name":"_callee$","decl":{"start":{"line":40,"column":51},"end":{"line":40,"column":59}},"loc":{"start":{"line":40,"column":70},"end":{"line":58,"column":7}},"line":40},"4":{"name":"comparePassword","decl":{"start":{"line":61,"column":28},"end":{"line":61,"column":43}},"loc":{"start":{"line":61,"column":60},"end":{"line":82,"column":3}},"line":61},"5":{"name":"_callee2","decl":{"start":{"line":62,"column":98},"end":{"line":62,"column":106}},"loc":{"start":{"line":62,"column":109},"end":{"line":81,"column":5}},"line":62},"6":{"name":"_callee2$","decl":{"start":{"line":64,"column":51},"end":{"line":64,"column":60}},"loc":{"start":{"line":64,"column":72},"end":{"line":80,"column":7}},"line":64},"7":{"name":"decodeToken","decl":{"start":{"line":83,"column":24},"end":{"line":83,"column":35}},"loc":{"start":{"line":83,"column":43},"end":{"line":98,"column":3}},"line":83},"8":{"name":"_callee3","decl":{"start":{"line":84,"column":98},"end":{"line":84,"column":106}},"loc":{"start":{"line":84,"column":109},"end":{"line":97,"column":5}},"line":84},"9":{"name":"_callee3$","decl":{"start":{"line":85,"column":51},"end":{"line":85,"column":60}},"loc":{"start":{"line":85,"column":72},"end":{"line":96,"column":7}},"line":85}},"branchMap":{"0":{"loc":{"start":{"line":28,"column":4},"end":{"line":33,"column":5}},"type":"if","locations":[{"start":{"line":28,"column":4},"end":{"line":33,"column":5}},{"start":{"line":28,"column":4},"end":{"line":33,"column":5}}],"line":28},"1":{"loc":{"start":{"line":28,"column":8},"end":{"line":28,"column":20}},"type":"binary-expr","locations":[{"start":{"line":28,"column":8},"end":{"line":28,"column":12}},{"start":{"line":28,"column":16},"end":{"line":28,"column":20}}],"line":28},"2":{"loc":{"start":{"line":42,"column":10},"end":{"line":56,"column":11}},"type":"switch","locations":[{"start":{"line":43,"column":12},"end":{"line":51,"column":54}},{"start":{"line":53,"column":12},"end":{"line":53,"column":19}},{"start":{"line":54,"column":12},"end":{"line":55,"column":37}}],"line":42},"3":{"loc":{"start":{"line":66,"column":10},"end":{"line":78,"column":11}},"type":"switch","locations":[{"start":{"line":67,"column":12},"end":{"line":69,"column":64}},{"start":{"line":71,"column":12},"end":{"line":73,"column":55}},{"start":{"line":75,"column":12},"end":{"line":75,"column":19}},{"start":{"line":76,"column":12},"end":{"line":77,"column":38}}],"line":66},"4":{"loc":{"start":{"line":87,"column":10},"end":{"line":94,"column":11}},"type":"switch","locations":[{"start":{"line":88,"column":12},"end":{"line":89,"column":112}},{"start":{"line":91,"column":12},"end":{"line":91,"column":19}},{"start":{"line":92,"column":12},"end":{"line":93,"column":38}}],"line":87}},"s":{"0":1,"1":1,"2":1,"3":1,"4":1,"5":1,"6":1,"7":1,"8":1,"9":2,"10":2,"11":2,"12":2,"13":2,"14":0,"15":3,"16":3,"17":6,"18":6,"19":3,"20":3,"21":3,"22":3,"23":1,"24":1,"25":3,"26":3,"27":1,"28":1,"29":1,"30":1,"31":1,"32":8,"33":8,"34":16,"35":16,"36":8,"37":8,"38":1,"39":1},"f":{"0":2,"1":3,"2":3,"3":6,"4":1,"5":1,"6":3,"7":8,"8":8,"9":16},"b":{"0":[2,0],"1":[2,2],"2":[3,0,3],"3":[1,1,0,1],"4":[8,0,8]},"_coverageSchema":"1a1c01bbd47fc00a2c39e90264f33305004495a9","hash":"9cde9165a8f578f32002aa2961c748598894acdc","contentHash":"019859377e2bd25562beb849f58f09f8a98b8ece3b37287d3ebb48f96bbff2b8"},"/Users/majaagunrilwan/projects/personal/e-commerce/src/utils/validate/index.js":{"path":"/Users/majaagunrilwan/projects/personal/e-commerce/src/utils/validate/index.js","statementMap":{"0":{"start":{"line":3,"column":29},"end":{"line":3,"column":84}},"1":{"start":{"line":5,"column":0},"end":{"line":7,"column":3}},"2":{"start":{"line":8,"column":0},"end":{"line":8,"column":28}},"3":{"start":{"line":10,"column":11},"end":{"line":10,"column":55}},"4":{"start":{"line":12,"column":13},"end":{"line":60,"column":1}},"5":{"start":{"line":61,"column":15},"end":{"line":61,"column":21}},"6":{"start":{"line":62,"column":0},"end":{"line":62,"column":30}}},"fnMap":{},"branchMap":{},"s":{"0":1,"1":1,"2":1,"3":1,"4":1,"5":1,"6":1},"f":{},"b":{},"_coverageSchema":"1a1c01bbd47fc00a2c39e90264f33305004495a9","hash":"077d9f836e6cbef4bf82000e8e8f8561578e920d","contentHash":"6dfd122251422f5312debb81c627ebb8dc0685f333b2e9970168f53b5eeb3e05"},"/Users/majaagunrilwan/projects/personal/e-commerce/src/utils/multer/index.js":{"path":"/Users/majaagunrilwan/projects/personal/e-commerce/src/utils/multer/index.js","statementMap":{"0":{"start":{"line":3,"column":29},"end":{"line":3,"column":84}},"1":{"start":{"line":5,"column":0},"end":{"line":7,"column":3}},"2":{"start":{"line":8,"column":0},"end":{"line":8,"column":28}},"3":{"start":{"line":10,"column":19},"end":{"line":10,"column":80}},"4":{"start":{"line":12,"column":25},"end":{"line":12,"column":99}},"5":{"start":{"line":14,"column":14},"end":{"line":14,"column":55}},"6":{"start":{"line":16,"column":14},"end":{"line":39,"column":2}},"7":{"start":{"line":18,"column":23},"end":{"line":31,"column":7}},"8":{"start":{"line":19,"column":6},"end":{"line":30,"column":18}},"9":{"start":{"line":20,"column":8},"end":{"line":29,"column":9}},"10":{"start":{"line":21,"column":10},"end":{"line":28,"column":11}},"11":{"start":{"line":23,"column":14},"end":{"line":23,"column":51}},"12":{"start":{"line":27,"column":14},"end":{"line":27,"column":37}},"13":{"start":{"line":34,"column":6},"end":{"line":34,"column":49}},"14":{"start":{"line":37,"column":4},"end":{"line":37,"column":23}},"15":{"start":{"line":41,"column":13},"end":{"line":43,"column":18}},"16":{"start":{"line":44,"column":15},"end":{"line":46,"column":1}},"17":{"start":{"line":47,"column":0},"end":{"line":47,"column":30}}},"fnMap":{"0":{"name":"(anonymous_0)","decl":{"start":{"line":17,"column":15},"end":{"line":17,"column":16}},"loc":{"start":{"line":17,"column":27},"end":{"line":38,"column":3}},"line":17},"1":{"name":"_callee","decl":{"start":{"line":18,"column":110},"end":{"line":18,"column":117}},"loc":{"start":{"line":18,"column":120},"end":{"line":31,"column":5}},"line":18},"2":{"name":"_callee$","decl":{"start":{"line":19,"column":51},"end":{"line":19,"column":59}},"loc":{"start":{"line":19,"column":70},"end":{"line":30,"column":7}},"line":19},"3":{"name":"destination","decl":{"start":{"line":33,"column":13},"end":{"line":33,"column":24}},"loc":{"start":{"line":33,"column":27},"end":{"line":35,"column":5}},"line":33}},"branchMap":{"0":{"loc":{"start":{"line":21,"column":10},"end":{"line":28,"column":11}},"type":"switch","locations":[{"start":{"line":22,"column":12},"end":{"line":23,"column":51}},{"start":{"line":25,"column":12},"end":{"line":25,"column":19}},{"start":{"line":26,"column":12},"end":{"line":27,"column":37}}],"line":21}},"s":{"0":1,"1":1,"2":1,"3":1,"4":1,"5":1,"6":1,"7":1,"8":0,"9":0,"10":0,"11":0,"12":0,"13":0,"14":1,"15":1,"16":1,"17":1},"f":{"0":1,"1":0,"2":0,"3":0},"b":{"0":[0,0,0]},"_coverageSchema":"1a1c01bbd47fc00a2c39e90264f33305004495a9","hash":"b023b696cced1aed39171dfb0a1e81b2713c25b4","contentHash":"c380c9e00c9b51484feac133e2583ee4849536ffb15a582af3ce42d8389cf986"},"/Users/majaagunrilwan/projects/personal/e-commerce/src/services/categoryService.js":{"path":"/Users/majaagunrilwan/projects/personal/e-commerce/src/services/categoryService.js","statementMap":{"0":{"start":{"line":3,"column":29},"end":{"line":3,"column":84}},"1":{"start":{"line":5,"column":0},"end":{"line":7,"column":3}},"2":{"start":{"line":8,"column":0},"end":{"line":8,"column":28}},"3":{"start":{"line":10,"column":19},"end":{"line":10,"column":80}},"4":{"start":{"line":12,"column":25},"end":{"line":12,"column":99}},"5":{"start":{"line":14,"column":12},"end":{"line":14,"column":27}},"6":{"start":{"line":16,"column":10},"end":{"line":16,"column":26}},"7":{"start":{"line":19,"column":34},"end":{"line":42,"column":3}},"8":{"start":{"line":20,"column":13},"end":{"line":37,"column":5}},"9":{"start":{"line":22,"column":4},"end":{"line":36,"column":16}},"10":{"start":{"line":23,"column":6},"end":{"line":35,"column":7}},"11":{"start":{"line":24,"column":8},"end":{"line":34,"column":9}},"12":{"start":{"line":26,"column":12},"end":{"line":26,"column":33}},"13":{"start":{"line":27,"column":12},"end":{"line":27,"column":29}},"14":{"start":{"line":28,"column":12},"end":{"line":28,"column":33}},"15":{"start":{"line":29,"column":12},"end":{"line":29,"column":100}},"16":{"start":{"line":33,"column":12},"end":{"line":33,"column":35}},"17":{"start":{"line":39,"column":2},"end":{"line":41,"column":4}},"18":{"start":{"line":40,"column":4},"end":{"line":40,"column":39}},"19":{"start":{"line":44,"column":34},"end":{"line":65,"column":3}},"20":{"start":{"line":45,"column":14},"end":{"line":60,"column":5}},"21":{"start":{"line":47,"column":4},"end":{"line":59,"column":17}},"22":{"start":{"line":48,"column":6},"end":{"line":58,"column":7}},"23":{"start":{"line":49,"column":8},"end":{"line":57,"column":9}},"24":{"start":{"line":51,"column":12},"end":{"line":51,"column":29}},"25":{"start":{"line":52,"column":12},"end":{"line":52,"column":104}},"26":{"start":{"line":56,"column":12},"end":{"line":56,"column":36}},"27":{"start":{"line":62,"column":2},"end":{"line":64,"column":4}},"28":{"start":{"line":63,"column":4},"end":{"line":63,"column":40}},"29":{"start":{"line":67,"column":37},"end":{"line":86,"column":3}},"30":{"start":{"line":68,"column":14},"end":{"line":81,"column":5}},"31":{"start":{"line":69,"column":4},"end":{"line":80,"column":17}},"32":{"start":{"line":70,"column":6},"end":{"line":79,"column":7}},"33":{"start":{"line":71,"column":8},"end":{"line":78,"column":9}},"34":{"start":{"line":73,"column":12},"end":{"line":73,"column":102}},"35":{"start":{"line":77,"column":12},"end":{"line":77,"column":36}},"36":{"start":{"line":83,"column":2},"end":{"line":85,"column":4}},"37":{"start":{"line":84,"column":4},"end":{"line":84,"column":40}},"38":{"start":{"line":88,"column":34},"end":{"line":109,"column":3}},"39":{"start":{"line":89,"column":14},"end":{"line":104,"column":5}},"40":{"start":{"line":91,"column":4},"end":{"line":103,"column":17}},"41":{"start":{"line":92,"column":6},"end":{"line":102,"column":7}},"42":{"start":{"line":93,"column":8},"end":{"line":101,"column":9}},"43":{"start":{"line":95,"column":12},"end":{"line":95,"column":29}},"44":{"start":{"line":96,"column":12},"end":{"line":96,"column":106}},"45":{"start":{"line":100,"column":12},"end":{"line":100,"column":36}},"46":{"start":{"line":106,"column":2},"end":{"line":108,"column":4}},"47":{"start":{"line":107,"column":4},"end":{"line":107,"column":40}},"48":{"start":{"line":111,"column":34},"end":{"line":137,"column":3}},"49":{"start":{"line":112,"column":14},"end":{"line":132,"column":5}},"50":{"start":{"line":114,"column":4},"end":{"line":131,"column":17}},"51":{"start":{"line":115,"column":6},"end":{"line":130,"column":7}},"52":{"start":{"line":116,"column":8},"end":{"line":129,"column":9}},"53":{"start":{"line":118,"column":12},"end":{"line":118,"column":55}},"54":{"start":{"line":119,"column":12},"end":{"line":119,"column":31}},"55":{"start":{"line":120,"column":12},"end":{"line":120,"column":88}},"56":{"start":{"line":123,"column":12},"end":{"line":123,"column":38}},"57":{"start":{"line":124,"column":12},"end":{"line":124,"column":56}},"58":{"start":{"line":128,"column":12},"end":{"line":128,"column":36}},"59":{"start":{"line":134,"column":2},"end":{"line":136,"column":4}},"60":{"start":{"line":135,"column":4},"end":{"line":135,"column":40}},"61":{"start":{"line":139,"column":15},"end":{"line":145,"column":1}},"62":{"start":{"line":146,"column":0},"end":{"line":146,"column":30}}},"fnMap":{"0":{"name":"(anonymous_0)","decl":{"start":{"line":19,"column":34},"end":{"line":19,"column":35}},"loc":{"start":{"line":19,"column":46},"end":{"line":42,"column":1}},"line":19},"1":{"name":"_callee","decl":{"start":{"line":20,"column":100},"end":{"line":20,"column":107}},"loc":{"start":{"line":20,"column":114},"end":{"line":37,"column":3}},"line":20},"2":{"name":"_callee$","decl":{"start":{"line":22,"column":49},"end":{"line":22,"column":57}},"loc":{"start":{"line":22,"column":68},"end":{"line":36,"column":5}},"line":22},"3":{"name":"createCategory","decl":{"start":{"line":39,"column":18},"end":{"line":39,"column":32}},"loc":{"start":{"line":39,"column":37},"end":{"line":41,"column":3}},"line":39},"4":{"name":"(anonymous_4)","decl":{"start":{"line":44,"column":34},"end":{"line":44,"column":35}},"loc":{"start":{"line":44,"column":46},"end":{"line":65,"column":1}},"line":44},"5":{"name":"_callee2","decl":{"start":{"line":45,"column":101},"end":{"line":45,"column":109}},"loc":{"start":{"line":45,"column":116},"end":{"line":60,"column":3}},"line":45},"6":{"name":"_callee2$","decl":{"start":{"line":47,"column":49},"end":{"line":47,"column":58}},"loc":{"start":{"line":47,"column":70},"end":{"line":59,"column":5}},"line":47},"7":{"name":"selectCategory","decl":{"start":{"line":62,"column":18},"end":{"line":62,"column":32}},"loc":{"start":{"line":62,"column":38},"end":{"line":64,"column":3}},"line":62},"8":{"name":"(anonymous_8)","decl":{"start":{"line":67,"column":37},"end":{"line":67,"column":38}},"loc":{"start":{"line":67,"column":49},"end":{"line":86,"column":1}},"line":67},"9":{"name":"_callee3","decl":{"start":{"line":68,"column":101},"end":{"line":68,"column":109}},"loc":{"start":{"line":68,"column":112},"end":{"line":81,"column":3}},"line":68},"10":{"name":"_callee3$","decl":{"start":{"line":69,"column":49},"end":{"line":69,"column":58}},"loc":{"start":{"line":69,"column":70},"end":{"line":80,"column":5}},"line":69},"11":{"name":"selectAllCategory","decl":{"start":{"line":83,"column":18},"end":{"line":83,"column":35}},"loc":{"start":{"line":83,"column":38},"end":{"line":85,"column":3}},"line":83},"12":{"name":"(anonymous_12)","decl":{"start":{"line":88,"column":34},"end":{"line":88,"column":35}},"loc":{"start":{"line":88,"column":46},"end":{"line":109,"column":1}},"line":88},"13":{"name":"_callee4","decl":{"start":{"line":89,"column":101},"end":{"line":89,"column":109}},"loc":{"start":{"line":89,"column":116},"end":{"line":104,"column":3}},"line":89},"14":{"name":"_callee4$","decl":{"start":{"line":91,"column":49},"end":{"line":91,"column":58}},"loc":{"start":{"line":91,"column":70},"end":{"line":103,"column":5}},"line":91},"15":{"name":"deleteCategory","decl":{"start":{"line":106,"column":18},"end":{"line":106,"column":32}},"loc":{"start":{"line":106,"column":38},"end":{"line":108,"column":3}},"line":106},"16":{"name":"(anonymous_16)","decl":{"start":{"line":111,"column":34},"end":{"line":111,"column":35}},"loc":{"start":{"line":111,"column":46},"end":{"line":137,"column":1}},"line":111},"17":{"name":"_callee5","decl":{"start":{"line":112,"column":101},"end":{"line":112,"column":109}},"loc":{"start":{"line":112,"column":116},"end":{"line":132,"column":3}},"line":112},"18":{"name":"_callee5$","decl":{"start":{"line":114,"column":49},"end":{"line":114,"column":58}},"loc":{"start":{"line":114,"column":70},"end":{"line":131,"column":5}},"line":114},"19":{"name":"updateCategory","decl":{"start":{"line":134,"column":18},"end":{"line":134,"column":32}},"loc":{"start":{"line":134,"column":38},"end":{"line":136,"column":3}},"line":134}},"branchMap":{"0":{"loc":{"start":{"line":24,"column":8},"end":{"line":34,"column":9}},"type":"switch","locations":[{"start":{"line":25,"column":10},"end":{"line":29,"column":100}},{"start":{"line":31,"column":10},"end":{"line":31,"column":17}},{"start":{"line":32,"column":10},"end":{"line":33,"column":35}}],"line":24},"1":{"loc":{"start":{"line":49,"column":8},"end":{"line":57,"column":9}},"type":"switch","locations":[{"start":{"line":50,"column":10},"end":{"line":52,"column":104}},{"start":{"line":54,"column":10},"end":{"line":54,"column":17}},{"start":{"line":55,"column":10},"end":{"line":56,"column":36}}],"line":49},"2":{"loc":{"start":{"line":71,"column":8},"end":{"line":78,"column":9}},"type":"switch","locations":[{"start":{"line":72,"column":10},"end":{"line":73,"column":102}},{"start":{"line":75,"column":10},"end":{"line":75,"column":17}},{"start":{"line":76,"column":10},"end":{"line":77,"column":36}}],"line":71},"3":{"loc":{"start":{"line":93,"column":8},"end":{"line":101,"column":9}},"type":"switch","locations":[{"start":{"line":94,"column":10},"end":{"line":96,"column":106}},{"start":{"line":98,"column":10},"end":{"line":98,"column":17}},{"start":{"line":99,"column":10},"end":{"line":100,"column":36}}],"line":93},"4":{"loc":{"start":{"line":116,"column":8},"end":{"line":129,"column":9}},"type":"switch","locations":[{"start":{"line":117,"column":10},"end":{"line":120,"column":88}},{"start":{"line":122,"column":10},"end":{"line":124,"column":56}},{"start":{"line":126,"column":10},"end":{"line":126,"column":17}},{"start":{"line":127,"column":10},"end":{"line":128,"column":36}}],"line":116}},"s":{"0":1,"1":1,"2":1,"3":1,"4":1,"5":1,"6":1,"7":1,"8":1,"9":1,"10":2,"11":2,"12":1,"13":1,"14":1,"15":1,"16":1,"17":1,"18":1,"19":1,"20":1,"21":4,"22":8,"23":8,"24":4,"25":4,"26":4,"27":1,"28":4,"29":1,"30":1,"31":0,"32":0,"33":0,"34":0,"35":0,"36":1,"37":0,"38":1,"39":1,"40":0,"41":0,"42":0,"43":0,"44":0,"45":0,"46":1,"47":0,"48":1,"49":1,"50":1,"51":3,"52":3,"53":1,"54":1,"55":1,"56":1,"57":1,"58":1,"59":1,"60":1,"61":1,"62":1},"f":{"0":1,"1":1,"2":2,"3":1,"4":1,"5":4,"6":8,"7":4,"8":1,"9":0,"10":0,"11":0,"12":1,"13":0,"14":0,"15":0,"16":1,"17":1,"18":3,"19":1},"b":{"0":[1,0,1],"1":[4,0,4],"2":[0,0,0],"3":[0,0,0],"4":[1,1,0,1]},"_coverageSchema":"1a1c01bbd47fc00a2c39e90264f33305004495a9","hash":"097782436409578fc2088f4d64795b8ddd334885","contentHash":"41efdbb1f578b4317aa27320698287dc2914c6e777d55dcd13e775a5667c8b42"},"/Users/majaagunrilwan/projects/personal/e-commerce/src/services/redis.js":{"path":"/Users/majaagunrilwan/projects/personal/e-commerce/src/services/redis.js","statementMap":{},"fnMap":{},"branchMap":{},"s":{},"f":{},"b":{},"_coverageSchema":"1a1c01bbd47fc00a2c39e90264f33305004495a9","hash":"3ff6ec6564f6c844c2415dc7393df027724274c4","contentHash":"5c919c1910b5fca910ba8e51da143f2bf9a0b4fb4e95ade5e41f781c00e06d6e"},"/Users/majaagunrilwan/projects/personal/e-commerce/src/services/product.js":{"path":"/Users/majaagunrilwan/projects/personal/e-commerce/src/services/product.js","statementMap":{"0":{"start":{"line":3,"column":29},"end":{"line":3,"column":84}},"1":{"start":{"line":5,"column":0},"end":{"line":7,"column":3}},"2":{"start":{"line":8,"column":0},"end":{"line":8,"column":28}},"3":{"start":{"line":10,"column":23},"end":{"line":10,"column":95}},"4":{"start":{"line":12,"column":19},"end":{"line":12,"column":80}},"5":{"start":{"line":14,"column":25},"end":{"line":14,"column":99}},"6":{"start":{"line":16,"column":12},"end":{"line":16,"column":27}},"7":{"start":{"line":18,"column":10},"end":{"line":18,"column":26}},"8":{"start":{"line":20,"column":54},"end":{"line":20,"column":73}},"9":{"start":{"line":20,"column":75},"end":{"line":20,"column":326}},"10":{"start":{"line":20,"column":125},"end":{"line":20,"column":161}},"11":{"start":{"line":20,"column":163},"end":{"line":20,"column":292}},"12":{"start":{"line":20,"column":183},"end":{"line":20,"column":292}},"13":{"start":{"line":20,"column":225},"end":{"line":20,"column":288}},"14":{"start":{"line":20,"column":293},"end":{"line":20,"column":324}},"15":{"start":{"line":20,"column":327},"end":{"line":20,"column":339}},"16":{"start":{"line":22,"column":33},"end":{"line":22,"column":534}},"17":{"start":{"line":22,"column":46},"end":{"line":22,"column":47}},"18":{"start":{"line":22,"column":91},"end":{"line":22,"column":131}},"19":{"start":{"line":22,"column":133},"end":{"line":22,"column":532}},"20":{"start":{"line":22,"column":146},"end":{"line":22,"column":264}},"21":{"start":{"line":22,"column":201},"end":{"line":22,"column":260}},"22":{"start":{"line":22,"column":272},"end":{"line":22,"column":532}},"23":{"start":{"line":22,"column":312},"end":{"line":22,"column":386}},"24":{"start":{"line":22,"column":396},"end":{"line":22,"column":530}},"25":{"start":{"line":22,"column":445},"end":{"line":22,"column":526}},"26":{"start":{"line":22,"column":535},"end":{"line":22,"column":549}},"27":{"start":{"line":24,"column":30},"end":{"line":52,"column":3}},"28":{"start":{"line":25,"column":13},"end":{"line":47,"column":5}},"29":{"start":{"line":27,"column":4},"end":{"line":46,"column":16}},"30":{"start":{"line":28,"column":6},"end":{"line":45,"column":7}},"31":{"start":{"line":29,"column":8},"end":{"line":44,"column":9}},"32":{"start":{"line":31,"column":12},"end":{"line":31,"column":33}},"33":{"start":{"line":32,"column":12},"end":{"line":32,"column":185}},"34":{"start":{"line":33,"column":12},"end":{"line":33,"column":96}},"35":{"start":{"line":34,"column":12},"end":{"line":34,"column":30}},"36":{"start":{"line":35,"column":12},"end":{"line":35,"column":71}},"37":{"start":{"line":38,"column":12},"end":{"line":38,"column":36}},"38":{"start":{"line":39,"column":12},"end":{"line":39,"column":54}},"39":{"start":{"line":43,"column":12},"end":{"line":43,"column":35}},"40":{"start":{"line":49,"column":2},"end":{"line":51,"column":4}},"41":{"start":{"line":50,"column":4},"end":{"line":50,"column":39}},"42":{"start":{"line":54,"column":33},"end":{"line":81,"column":3}},"43":{"start":{"line":55,"column":14},"end":{"line":76,"column":5}},"44":{"start":{"line":57,"column":4},"end":{"line":75,"column":17}},"45":{"start":{"line":58,"column":6},"end":{"line":74,"column":7}},"46":{"start":{"line":59,"column":8},"end":{"line":73,"column":9}},"47":{"start":{"line":61,"column":12},"end":{"line":61,"column":45}},"48":{"start":{"line":63,"column":12},"end":{"line":65,"column":14}},"49":{"start":{"line":64,"column":14},"end":{"line":64,"column":82}},"50":{"start":{"line":67,"column":12},"end":{"line":67,"column":57}},"51":{"start":{"line":68,"column":12},"end":{"line":68,"column":118}},"52":{"start":{"line":72,"column":12},"end":{"line":72,"column":36}},"53":{"start":{"line":78,"column":2},"end":{"line":80,"column":4}},"54":{"start":{"line":79,"column":4},"end":{"line":79,"column":40}},"55":{"start":{"line":83,"column":37},"end":{"line":104,"column":3}},"56":{"start":{"line":84,"column":14},"end":{"line":99,"column":5}},"57":{"start":{"line":86,"column":4},"end":{"line":98,"column":17}},"58":{"start":{"line":87,"column":6},"end":{"line":97,"column":7}},"59":{"start":{"line":88,"column":8},"end":{"line":96,"column":9}},"60":{"start":{"line":90,"column":12},"end":{"line":90,"column":25}},"61":{"start":{"line":91,"column":12},"end":{"line":91,"column":103}},"62":{"start":{"line":95,"column":12},"end":{"line":95,"column":36}},"63":{"start":{"line":101,"column":2},"end":{"line":103,"column":4}},"64":{"start":{"line":102,"column":4},"end":{"line":102,"column":40}},"65":{"start":{"line":106,"column":33},"end":{"line":125,"column":3}},"66":{"start":{"line":107,"column":14},"end":{"line":120,"column":5}},"67":{"start":{"line":108,"column":4},"end":{"line":119,"column":17}},"68":{"start":{"line":109,"column":6},"end":{"line":118,"column":7}},"69":{"start":{"line":110,"column":8},"end":{"line":117,"column":9}},"70":{"start":{"line":112,"column":12},"end":{"line":112,"column":97}},"71":{"start":{"line":116,"column":12},"end":{"line":116,"column":36}},"72":{"start":{"line":122,"column":2},"end":{"line":124,"column":4}},"73":{"start":{"line":123,"column":4},"end":{"line":123,"column":40}},"74":{"start":{"line":127,"column":40},"end":{"line":148,"column":3}},"75":{"start":{"line":128,"column":14},"end":{"line":143,"column":5}},"76":{"start":{"line":130,"column":4},"end":{"line":142,"column":17}},"77":{"start":{"line":131,"column":6},"end":{"line":141,"column":7}},"78":{"start":{"line":132,"column":8},"end":{"line":140,"column":9}},"79":{"start":{"line":134,"column":12},"end":{"line":134,"column":37}},"80":{"start":{"line":135,"column":12},"end":{"line":135,"column":118}},"81":{"start":{"line":139,"column":12},"end":{"line":139,"column":36}},"82":{"start":{"line":145,"column":2},"end":{"line":147,"column":4}},"83":{"start":{"line":146,"column":4},"end":{"line":146,"column":40}},"84":{"start":{"line":150,"column":45},"end":{"line":175,"column":3}},"85":{"start":{"line":151,"column":14},"end":{"line":170,"column":5}},"86":{"start":{"line":153,"column":4},"end":{"line":169,"column":17}},"87":{"start":{"line":154,"column":6},"end":{"line":168,"column":7}},"88":{"start":{"line":155,"column":8},"end":{"line":167,"column":9}},"89":{"start":{"line":157,"column":12},"end":{"line":157,"column":31}},"90":{"start":{"line":158,"column":12},"end":{"line":158,"column":72}},"91":{"start":{"line":161,"column":12},"end":{"line":161,"column":37}},"92":{"start":{"line":162,"column":12},"end":{"line":162,"column":55}},"93":{"start":{"line":166,"column":12},"end":{"line":166,"column":36}},"94":{"start":{"line":172,"column":2},"end":{"line":174,"column":4}},"95":{"start":{"line":173,"column":4},"end":{"line":173,"column":40}},"96":{"start":{"line":177,"column":33},"end":{"line":198,"column":3}},"97":{"start":{"line":178,"column":14},"end":{"line":193,"column":5}},"98":{"start":{"line":180,"column":4},"end":{"line":192,"column":17}},"99":{"start":{"line":181,"column":6},"end":{"line":191,"column":7}},"100":{"start":{"line":182,"column":8},"end":{"line":190,"column":9}},"101":{"start":{"line":184,"column":12},"end":{"line":184,"column":45}},"102":{"start":{"line":185,"column":12},"end":{"line":185,"column":112}},"103":{"start":{"line":189,"column":12},"end":{"line":189,"column":36}},"104":{"start":{"line":195,"column":2},"end":{"line":197,"column":4}},"105":{"start":{"line":196,"column":4},"end":{"line":196,"column":40}},"106":{"start":{"line":200,"column":33},"end":{"line":228,"column":3}},"107":{"start":{"line":201,"column":14},"end":{"line":223,"column":5}},"108":{"start":{"line":203,"column":4},"end":{"line":222,"column":17}},"109":{"start":{"line":204,"column":6},"end":{"line":221,"column":7}},"110":{"start":{"line":205,"column":8},"end":{"line":220,"column":9}},"111":{"start":{"line":207,"column":12},"end":{"line":207,"column":25}},"112":{"start":{"line":208,"column":12},"end":{"line":208,"column":31}},"113":{"start":{"line":209,"column":12},"end":{"line":209,"column":75}},"114":{"start":{"line":212,"column":12},"end":{"line":212,"column":37}},"115":{"start":{"line":213,"column":12},"end":{"line":213,"column":70}},"116":{"start":{"line":214,"column":12},"end":{"line":214,"column":166}},"117":{"start":{"line":215,"column":12},"end":{"line":215,"column":55}},"118":{"start":{"line":219,"column":12},"end":{"line":219,"column":36}},"119":{"start":{"line":225,"column":2},"end":{"line":227,"column":4}},"120":{"start":{"line":226,"column":4},"end":{"line":226,"column":40}},"121":{"start":{"line":230,"column":42},"end":{"line":255,"column":3}},"122":{"start":{"line":231,"column":14},"end":{"line":250,"column":5}},"123":{"start":{"line":233,"column":4},"end":{"line":249,"column":17}},"124":{"start":{"line":234,"column":6},"end":{"line":248,"column":7}},"125":{"start":{"line":235,"column":8},"end":{"line":247,"column":9}},"126":{"start":{"line":237,"column":12},"end":{"line":237,"column":31}},"127":{"start":{"line":238,"column":12},"end":{"line":238,"column":89}},"128":{"start":{"line":241,"column":12},"end":{"line":241,"column":37}},"129":{"start":{"line":242,"column":12},"end":{"line":242,"column":55}},"130":{"start":{"line":246,"column":12},"end":{"line":246,"column":36}},"131":{"start":{"line":252,"column":2},"end":{"line":254,"column":4}},"132":{"start":{"line":253,"column":4},"end":{"line":253,"column":40}},"133":{"start":{"line":257,"column":43},"end":{"line":276,"column":3}},"134":{"start":{"line":258,"column":15},"end":{"line":271,"column":5}},"135":{"start":{"line":259,"column":4},"end":{"line":270,"column":18}},"136":{"start":{"line":260,"column":6},"end":{"line":269,"column":7}},"137":{"start":{"line":261,"column":8},"end":{"line":268,"column":9}},"138":{"start":{"line":263,"column":12},"end":{"line":263,"column":135}},"139":{"start":{"line":267,"column":12},"end":{"line":267,"column":37}},"140":{"start":{"line":273,"column":2},"end":{"line":275,"column":4}},"141":{"start":{"line":274,"column":4},"end":{"line":274,"column":41}},"142":{"start":{"line":278,"column":15},"end":{"line":289,"column":1}},"143":{"start":{"line":290,"column":0},"end":{"line":290,"column":30}}},"fnMap":{"0":{"name":"ownKeys","decl":{"start":{"line":20,"column":9},"end":{"line":20,"column":16}},"loc":{"start":{"line":20,"column":41},"end":{"line":20,"column":341}},"line":20},"1":{"name":"(anonymous_1)","decl":{"start":{"line":20,"column":208},"end":{"line":20,"column":209}},"loc":{"start":{"line":20,"column":223},"end":{"line":20,"column":290}},"line":20},"2":{"name":"_objectSpread","decl":{"start":{"line":22,"column":9},"end":{"line":22,"column":22}},"loc":{"start":{"line":22,"column":31},"end":{"line":22,"column":551}},"line":22},"3":{"name":"(anonymous_3)","decl":{"start":{"line":22,"column":184},"end":{"line":22,"column":185}},"loc":{"start":{"line":22,"column":199},"end":{"line":22,"column":262}},"line":22},"4":{"name":"(anonymous_4)","decl":{"start":{"line":22,"column":428},"end":{"line":22,"column":429}},"loc":{"start":{"line":22,"column":443},"end":{"line":22,"column":528}},"line":22},"5":{"name":"(anonymous_5)","decl":{"start":{"line":24,"column":30},"end":{"line":24,"column":31}},"loc":{"start":{"line":24,"column":42},"end":{"line":52,"column":1}},"line":24},"6":{"name":"_callee","decl":{"start":{"line":25,"column":100},"end":{"line":25,"column":107}},"loc":{"start":{"line":25,"column":114},"end":{"line":47,"column":3}},"line":25},"7":{"name":"_callee$","decl":{"start":{"line":27,"column":49},"end":{"line":27,"column":57}},"loc":{"start":{"line":27,"column":68},"end":{"line":46,"column":5}},"line":27},"8":{"na
[...]
9},"19":{"name":"getWishList","decl":{"start":{"line":237,"column":18},"end":{"line":237,"column":29}},"loc":{"start":{"line":237,"column":41},"end":{"line":239,"column":3}},"line":237},"20":{"name":"(anonymous_20)","decl":{"start":{"line":242,"column":34},"end":{"line":242,"column":35}},"loc":{"start":{"line":242,"column":46},"end":{"line":282,"column":1}},"line":242},"21":{"name":"_callee6","decl":{"start":{"line":243,"column":101},"end":{"line":243,"column":109}},"loc":{"start":{"line":243,"column":120},"end":{"line":277,"column":3}},"line":243},"22":{"name":"_callee6$","decl":{"start":{"line":245,"column":49},"end":{"line":245,"column":58}},"loc":{"start":{"line":245,"column":70},"end":{"line":276,"column":5}},"line":245},"23":{"name":"deleteWishList","decl":{"start":{"line":279,"column":18},"end":{"line":279,"column":32}},"loc":{"start":{"line":279,"column":45},"end":{"line":281,"column":3}},"line":279}},"branchMap":{"0":{"loc":{"start":{"line":26,"column":8},"end":{"line":61,"column":9}},"type":"switch","locations":[{"start":{"line":27,"column":10},"end":{"line":32,"column":65}},{"start":{"line":34,"column":10},"end":{"line":38,"column":95}},{"start":{"line":40,"column":10},"end":{"line":43,"column":81}},{"start":{"line":45,"column":10},"end":{"line":49,"column":16}},{"start":{"line":51,"column":10},"end":{"line":56,"column":16}},{"start":{"line":58,"column":10},"end":{"line":58,"column":18}},{"start":{"line":59,"column":10},"end":{"line":60,"column":35}}],"line":26},"1":{"loc":{"start":{"line":76,"column":8},"end":{"line":99,"column":9}},"type":"switch","locations":[{"start":{"line":77,"column":10},"end":{"line":82,"column":65}},{"start":{"line":84,"column":10},"end":{"line":87,"column":16}},{"start":{"line":89,"column":10},"end":{"line":94,"column":16}},{"start":{"line":96,"column":10},"end":{"line":96,"column":18}},{"start":{"line":97,"column":10},"end":{"line":98,"column":36}}],"line":76},"2":{"loc":{"start":{"line":113,"column":8},"end":{"line":134,"column":9}},"type":"switch","locations":[{"start":{"line":114,"column":10},"end":{"line":117,"column":70}},{"start":{"line":119,"column":10},"end":{"line":122,"column":16}},{"start":{"line":124,"column":10},"end":{"line":129,"column":16}},{"start":{"line":131,"column":10},"end":{"line":131,"column":17}},{"start":{"line":132,"column":10},"end":{"line":133,"column":36}}],"line":113},"3":{"loc":{"start":{"line":149,"column":8},"end":{"line":176,"column":9}},"type":"switch","locations":[{"start":{"line":150,"column":10},"end":{"line":154,"column":65}},{"start":{"line":156,"column":10},"end":{"line":159,"column":76}},{"start":{"line":161,"column":10},"end":{"line":164,"column":16}},{"start":{"line":166,"column":10},"end":{"line":171,"column":16}},{"start":{"line":173,"column":10},"end":{"line":173,"column":18}},{"start":{"line":174,"column":10},"end":{"line":175,"column":36}}],"line":149},"4":{"loc":{"start":{"line":191,"column":8},"end":{"line":232,"column":9}},"type":"switch","locations":[{"start":{"line":192,"column":10},"end":{"line":196,"column":65}},{"start":{"line":198,"column":10},"end":{"line":201,"column":63}},{"start":{"line":203,"column":10},"end":{"line":214,"column":16}},{"start":{"line":216,"column":10},"end":{"line":220,"column":16}},{"start":{"line":222,"column":10},"end":{"line":227,"column":16}},{"start":{"line":229,"column":10},"end":{"line":229,"column":18}},{"start":{"line":230,"column":10},"end":{"line":231,"column":36}}],"line":191},"5":{"loc":{"start":{"line":206,"column":12},"end":{"line":209,"column":13}},"type":"if","locations":[{"start":{"line":206,"column":12},"end":{"line":209,"column":13}},{"start":{"line":206,"column":12},"end":{"line":209,"column":13}}],"line":206},"6":{"loc":{"start":{"line":247,"column":8},"end":{"line":274,"column":9}},"type":"switch","locations":[{"start":{"line":248,"column":10},"end":{"line":252,"column":65}},{"start":{"line":254,"column":10},"end":{"line":257,"column":78}},{"start":{"line":259,"column":10},"end":{"line":262,"column":16}},{"start":{"line":264,"column":10},"end":{"line":269,"column":16}},{"start":{"line":271,"column":10},"end":{"line":271,"column":18}},{"start":{"line":272,"column":10},"end":{"line":273,"column":36}}],"line":247}},"s":{"0":1,"1":1,"2":1,"3":1,"4":1,"5":1,"6":1,"7":1,"8":1,"9":1,"10":1,"11":5,"12":5,"13":1,"14":1,"15":1,"16":1,"17":1,"18":1,"19":1,"20":1,"21":1,"22":1,"23":1,"24":1,"25":1,"26":0,"27":0,"28":0,"29":1,"30":1,"31":1,"32":1,"33":1,"34":1,"35":3,"36":3,"37":1,"38":1,"39":1,"40":1,"41":1,"42":1,"43":0,"44":0,"45":0,"46":1,"47":1,"48":1,"49":1,"50":1,"51":0,"52":0,"53":0,"54":0,"55":0,"56":0,"57":0,"58":0,"59":0,"60":0,"61":0,"62":1,"63":0,"64":1,"65":1,"66":0,"67":0,"68":0,"69":0,"70":0,"71":0,"72":0,"73":0,"74":0,"75":0,"76":0,"77":0,"78":0,"79":0,"80":0,"81":1,"82":0,"83":1,"84":1,"85":0,"86":0,"87":0,"88":0,"89":0,"90":0,"91":0,"92":0,"93":0,"94":0,"95":0,"96":0,"97":0,"98":0,"99":0,"100":0,"101":0,"102":0,"103":0,"104":0,"105":1,"106":0,"107":1,"108":1,"109":0,"110":0,"111":0,"112":0,"113":0,"114":0,"115":0,"116":0,"117":0,"118":0,"119":0,"120":0,"121":0,"122":0,"123":0,"124":1,"125":0,"126":1,"127":1},"f":{"0":1,"1":1,"2":5,"3":1,"4":1,"5":1,"6":3,"7":1,"8":1,"9":0,"10":0,"11":0,"12":1,"13":0,"14":0,"15":0,"16":1,"17":0,"18":0,"19":0,"20":1,"21":0,"22":0,"23":0},"b":{"0":[1,1,1,1,0,0,1],"1":[1,1,0,0,1],"2":[0,0,0,0,0],"3":[0,0,0,0,0,0],"4":[0,0,0,0,0,0,0],"5":[0,0],"6":[0,0,0,0,0,0]},"_coverageSchema":"1a1c01bbd47fc00a2c39e90264f33305004495a9","hash":"4de1008b55f3dec029352367669ed1df8b082095","contentHash":"e3863cab22e63d175ecef945dd3357ef4f9b82cd0796e5c3b59c2f0d2c42b88c"},"/Users/majaagunrilwan/projects/personal/e-commerce/src/controllers/payment.js":{"path":"/Users/majaagunrilwan/projects/personal/e-commerce/src/controllers/payment.js","statementMap":{"0":{"start":{"line":3,"column":29},"end":{"line":3,"column":84}},"1":{"start":{"line":5,"column":0},"end":{"line":7,"column":3}},"2":{"start":{"line":8,"column":0},"end":{"line":8,"column":28}},"3":{"start":{"line":10,"column":19},"end":{"line":10,"column":80}},"4":{"start":{"line":12,"column":25},"end":{"line":12,"column":99}},"5":{"start":{"line":14,"column":0},"end":{"line":14,"column":25}},"6":{"start":{"line":16,"column":13},"end":{"line":16,"column":53}},"7":{"start":{"line":18,"column":18},"end":{"line":18,"column":64}},"8":{"start":{"line":20,"column":14},"end":{"line":20,"column":65}},"9":{"start":{"line":22,"column":19},"end":{"line":22,"column":44}},"10":{"start":{"line":24,"column":16},"end":{"line":24,"column":38}},"11":{"start":{"line":26,"column":31},"end":{"line":90,"column":3}},"12":{"start":{"line":27,"column":13},"end":{"line":85,"column":5}},"13":{"start":{"line":30,"column":4},"end":{"line":84,"column":33}},"14":{"start":{"line":31,"column":6},"end":{"line":83,"column":7}},"15":{"start":{"line":32,"column":8},"end":{"line":82,"column":9}},"16":{"start":{"line":34,"column":12},"end":{"line":34,"column":30}},"17":{"start":{"line":35,"column":12},"end":{"line":35,"column":225}},"18":{"start":{"line":36,"column":12},"end":{"line":60,"column":14}},"19":{"start":{"line":61,"column":12},"end":{"line":61,"column":30}},"20":{"start":{"line":62,"column":12},"end":{"line":62,"column":51}},"21":{"start":{"line":65,"column":12},"end":{"line":65,"column":40}},"22":{"start":{"line":66,"column":12},"end":{"line":66,"column":41}},"23":{"start":{"line":67,"column":12},"end":{"line":67,"column":61}},"24":{"start":{"line":70,"column":12},"end":{"line":70,"column":31}},"25":{"start":{"line":71,"column":12},"end":{"line":71,"column":47}},"26":{"start":{"line":73,"column":12},"end":{"line":73,"column":65}},"27":{"start":{"line":75,"column":12},"end":{"line":77,"column":16}},"28":{"start":{"line":81,"column":12},"end":{"line":81,"column":35}},"29":{"start":{"line":87,"column":2},"end":{"line":89,"column":4}},"30":{"start":{"line":88,"column":4},"end":{"line":88,"column":39}},"31":{"start":{"line":92,"column":31},"end":{"line":164,"column":3}},"32":{"start":{"line":93,"column":14},"end":{"line":159,"column":5}},"33":{"start":{"line":96,"column":4},"end":{"line":158,"column":34}},"34":{"start":{"line":97,"column":6},"end":{"line":157,"column":7}},"35":{"start":{"line":98,"column":8},"end":{"line":156,"column":9}},"36":{"start":{"line":100,"column":12},"end":{"line":100,"column":43}},"37":{"start":{"line":101,"column":12},"end":{"line":101,"column":31}},"38":{"start":{"line":102,"column":12},"end":{"line":102,"column":293}},"39":{"start":{"line":103,"column":12},"end":{"line":129,"column":14}},"40":{"start":{"line":130,"column":12},"end":{"line":130,"column":31}},"41":{"start":{"line":131,"column":12},"end":{"line":131,"column":51}},"42":{"start":{"line":134,"column":12},"end":{"line":134,"column":41}},"43":{"start":{"line":135,"column":12},"end":{"line":135,"column":41}},"44":{"start":{"line":136,"column":12},"end":{"line":136,"column":37}},"45":{"start":{"line":137,"column":12},"end":{"line":137,"column":32}},"46":{"start":{"line":138,"column":12},"end":{"line":138,"column":73}},"47":{"start":{"line":141,"column":12},"end":{"line":141,"column":62}},"48":{"start":{"line":144,"column":12},"end":{"line":144,"column":32}},"49":{"start":{"line":145,"column":12},"end":{"line":145,"column":49}},"50":{"start":{"line":147,"column":12},"end":{"line":147,"column":66}},"51":{"start":{"line":149,"column":12},"end":{"line":151,"column":16}},"52":{"start":{"line":155,"column":12},"end":{"line":155,"column":36}},"53":{"start":{"line":161,"column":2},"end":{"line":163,"column":4}},"54":{"start":{"line":162,"column":4},"end":{"line":162,"column":40}},"55":{"start":{"line":166,"column":33},"end":{"line":220,"column":3}},"56":{"start":{"line":167,"column":14},"end":{"line":215,"column":5}},"57":{"start":{"line":169,"column":4},"end":{"line":214,"column":34}},"58":{"start":{"line":170,"column":6},"end":{"line":213,"column":7}},"59":{"start":{"line":171,"column":8},"end":{"line":212,"column":9}},"60":{"start":{"line":173,"column":12},"end":{"line":173,"column":31}},"61":{"start":{"line":174,"column":12},"end":{"line":174,"column":45}},"62":{"start":{"line":175,"column":12},"end":{"line":183,"column":14}},"63":{"start":{"line":184,"column":12},"end":{"line":184,"column":31}},"64":{"start":{"line":185,"column":12},"end":{"line":185,"column":51}},"65":{"start":{"line":188,"column":12},"end":{"line":188,"column":47}},"66":{"start":{"line":189,"column":12},"end":{"line":189,"column":47}},"67":{"start":{"line":191,"column":12},"end":{"line":195,"column":13}},"68":{"start":{"line":192,"column":14},"end":{"line":192,"column":76}},"69":{"start":{"line":194,"column":14},"end":{"line":194,"column":75}},"70":{"start":{"line":197,"column":12},"end":{"line":197,"column":62}},"71":{"start":{"line":200,"column":12},"end":{"line":200,"column":32}},"72":{"start":{"line":201,"column":12},"end":{"line":201,"column":49}},"73":{"start":{"line":203,"column":12},"end":{"line":203,"column":50}},"74":{"start":{"line":205,"column":12},"end":{"line":207,"column":16}},"75":{"start":{"line":211,"column":12},"end":{"line":211,"column":36}},"76":{"start":{"line":217,"column":2},"end":{"line":219,"column":4}},"77":{"start":{"line":218,"column":4},"end":{"line":218,"column":40}},"78":{"start":{"line":222,"column":15},"end":{"line":226,"column":1}},"79":{"start":{"line":227,"column":0},"end":{"line":227,"column":30}}},"fnMap":{"0":{"name":"(anonymous_0)","decl":{"start":{"line":26,"column":31},"end":{"line":26,"column":32}},"loc":{"start":{"line":26,"column":43},"end":{"line":90,"column":1}},"line":26},"1":{"name":"_callee","decl":{"start":{"line":27,"column":100},"end":{"line":27,"column":107}},"loc":{"start":{"line":27,"column":118},"end":{"line":85,"column":3}},"line":27},"2":{"name":"_callee$","decl":{"start":{"line":30,"column":49},"end":{"line":30,"column":57}},"loc":{"start":{"line":30,"column":68},"end":{"line":84,"column":5}},"line":30},"3":{"name":"bankPayment","decl":{"start":{"line":87,"column":18},"end":{"line":87,"column":29}},"loc":{"start":{"line":87,"column":39},"end":{"line":89,"column":3}},"line":87},"4":{"name":"(anonymous_4)","decl":{"start":{"line":92,"column":31},"end":{"line":92,"column":32}},"loc":{"start":{"line":92,"column":43},"end":{"line":164,"column":1}},"line":92},"5":{"name":"_callee2","decl":{"start":{"line":93,"column":101},"end":{"line":93,"column":109}},"loc":{"start":{"line":93,"column":120},"end":{"line":159,"column":3}},"line":93},"6":{"name":"_callee2$","decl":{"start":{"line":96,"column":49},"end":{"line":96,"column":58}},"loc":{"start":{"line":96,"column":70},"end":{"line":158,"column":5}},"line":96},"7":{"name":"cardPayment","decl":{"start":{"line":161,"column":18},"end":{"line":161,"column":29}},"loc":{"start":{"line":161,"column":40},"end":{"line":163,"column":3}},"line":161},"8":{"name":"(anonymous_8)","decl":{"start":{"line":166,"column":33},"end":{"line":166,"column":34}},"loc":{"start":{"line":166,"column":45},"end":{"line":220,"column":1}},"line":166},"9":{"name":"_callee3","decl":{"start":{"line":167,"column":101},"end":{"line":167,"column":109}},"loc":{"start":{"line":167,"column":120},"end":{"line":215,"column":3}},"line":167},"10":{"name":"_callee3$","decl":{"start":{"line":169,"column":49},"end":{"line":169,"column":58}},"loc":{"start":{"line":169,"column":70},"end":{"line":214,"column":5}},"line":169},"11":{"name":"verifyPayment","decl":{"start":{"line":217,"column":18},"end":{"line":217,"column":31}},"loc":{"start":{"line":217,"column":42},"end":{"line":219,"column":3}},"line":217}},"branchMap":{"0":{"loc":{"start":{"line":32,"column":8},"end":{"line":82,"column":9}},"type":"switch","locations":[{"start":{"line":33,"column":10},"end":{"line":62,"column":51}},{"start":{"line":64,"column":10},"end":{"line":67,"column":61}},{"start":{"line":69,"column":10},"end":{"line":77,"column":16}},{"start":{"line":79,"column":10},"end":{"line":79,"column":18}},{"start":{"line":80,"column":10},"end":{"line":81,"column":35}}],"line":32},"1":{"loc":{"start":{"line":98,"column":8},"end":{"line":156,"column":9}},"type":"switch","locations":[{"start":{"line":99,"column":10},"end":{"line":131,"column":51}},{"start":{"line":133,"column":10},"end":{"line":138,"column":73}},{"start":{"line":140,"column":10},"end":{"line":141,"column":62}},{"start":{"line":143,"column":10},"end":{"line":151,"column":16}},{"start":{"line":153,"column":10},"end":{"line":153,"column":18}},{"start":{"line":154,"column":10},"end":{"line":155,"column":36}}],"line":98},"2":{"loc":{"start":{"line":171,"column":8},"end":{"line":212,"column":9}},"type":"switch","locations":[{"start":{"line":172,"column":10},"end":{"line":185,"column":51}},{"start":{"line":187,"column":10},"end":{"line":197,"column":62}},{"start":{"line":199,"column":10},"end":{"line":207,"column":16}},{"start":{"line":209,"column":10},"end":{"line":209,"column":18}},{"start":{"line":210,"column":10},"end":{"line":211,"column":36}}],"line":171},"3":{"loc":{"start":{"line":191,"column":12},"end":{"line":195,"column":13}},"type":"if","locations":[{"start":{"line":191,"column":12},"end":{"line":195,"column":13}},{"start":{"line":191,"column":12},"end":{"line":195,"column":13}}],"line":191}},"s":{"0":1,"1":1,"2":1,"3":1,"4":1,"5":1,"6":1,"7":1,"8":1,"9":1,"10":1,"11":1,"12":1,"13":0,"14":0,"15":0,"16":0,"17":0,"18":0,"19":0,"20":0,"21":0,"22":0,"23":0,"24":0,"25":0,"26":0,"27":0,"28":0,"29":1,"30":0,"31":1,"32":1,"33":0,"34":0,"35":0,"36":0,"37":0,"38":0,"39":0,"40":0,"41":0,"42":0,"43":0,"44":0,"45":0,"46":0,"47":0,"48":0,"49":0,"50":0,"51":0,"52":0,"53":1,"54":0,"55":1,"56":1,"57":0,"58":0,"59":0,"60":0,"61":0,"62":0,"63":0,"64":0,"65":0,"66":0,"67":0,"68":0,"69":0,"70":0,"71":0,"72":0,"73":0,"74":0,"75":0,"76":1,"77":0,"78":1,"79":1},"f":{"0":1,"1":0,"2":0,"3":0,"4":1,"5":0,"6":0,"7":0,"8":1,"9":0,"10":0,"11":0},"b":{"0":[0,0,0,0,0],"1":[0,0,0,0,0,0],"2":[0,0,0,0,0],"3":[0,0]},"_coverageSchema":"1a1c01bbd47fc00a2c39e90264f33305004495a9","hash":"39ae3ff672794232d7a2e17207493e0f9b3976ce","contentHash":"6d566df1e05a8578f28278c0b82880755ab8d19e047b345566a4ecee38a988e0"},"/Users/majaagunrilwan/projects/personal/e-commerce/src/controllers/csv.js":{"path":"/Users/majaagunrilwan/projects/personal/e-commerce/src/controllers/csv.js","statementMap":{"0":{"start":{"line":3,"column":29},"end":{"line":3,"column":84}},"1":{"start":{"line":5,"column":0},"end":{"line":7,"column":3}},"2":{"start":{"line":8,"column":0},"end":{"line":8,"column":28}},"3":{"start":{"line":10,"column":19},"end":{"line":10,"column":80}},"4":{"start":{"line":12,"column":25},"end":{"line":12,"column":99}},"5":{"start":{"line":14,"column":16},"end":{"line":14,"column":35}},"6":{"start":{"line":16,"column":18},"end":{"line":16,"column":64}},"7":{"start":{"line":18,"column":16},"end":{"line":18,"column":38}},"8":{"start":{"line":20,"column":14},"end":{"line":20,"column":58}},"9":{"start":{"line":22,"column":31},"end":{"line":58,"column":3}},"10":{"start":{"line":23,"column":13},"end":{"line":53,"column":5}},"11":{"start":{"line":25,"column":4},"end":{"line":52,"column":33}},"12":{"start":{"line":26,"column":6},"end":{"line":51,"column":7}},"13":{"start":{"line":27,"column":8},"end":{"line":50,"column":9}},"14":{"start":{"line":29,"column":12},"end":{"line":29,"column":30}},"15":{"start":{"line":30,"column":12},"end":{"line":30,"column":30}},"16":{"start":{"line":31,"column":12},"end":{"line":31,"column":60}},"17":{"start":{"line":34,"column":12},"end":{"line":34,"column":36}},"18":{"start":{"line":35,"column":12},"end":{"line":35,"column":52}},"19":{"start":{"line":36,"column":12},"end":{"line":36,"column":48}},"20":{"start":{"line":37,"column":12},"end":{"line":37,"column":85}},"21":{"start":{"line":38,"column":12},"end":{"line":38,"column":48}},"22":{"start":{"line":39,"column":12},"end":{"line":39,"column":94}},"23":{"start":{"line":42,"column":12},"end":{"line":42,"column":31}},"24":{"start":{"line":43,"column":12},"end":{"line":43,"column":47}},"25":{"start":{"line":45,"column":12},"end":{"line":45,"column":49}},"26":{"start":{"line":49,"column":12},"end":{"line":49,"column":35}},"27":{"start":{"line":55,"column":2},"end":{"line":57,"column":4}},"28":{"start":{"line":56,"column":4},"end":{"line":56,"column":39}},"29":{"start":{"line":60,"column":15},"end":{"line":60,"column":26}},"30":{"start":{"line":61,"column":0},"end":{"line":61,"column":30}}},"fnMap":{"0":{"name":"(anonymous_0)","decl":{"start":{"line":22,"column":31},"end":{"line":22,"column":32}},"loc":{"start":{"line":22,"column":43},"end":{"line":58,"column":1}},"line":22},"1":{"name":"_callee","decl":{"start":{"line":23,"column":100},"end":{"line":23,"column":107}},"loc":{"start":{"line":23,"column":118},"end":{"line":53,"column":3}},"line":23},"2":{"name":"_callee$","decl":{"start":{"line":25,"column":49},"end":{"line":25,"column":57}},"loc":{"start":{"line":25,"column":68},"end":{"line":52,"column":5}},"line":25},"3":{"name":"downloadCsv","decl":{"start":{"line":55,"column":18},"end":{"line":55,"column":29}},"loc":{"start":{"line":55,"column":39},"end":{"line":57,"column":3}},"line":55}},"branchMap":{"0":{"loc":{"start":{"line":27,"column":8},"end":{"line":50,"column":9}},"type":"switch","locations":[{"start":{"line":28,"column":10},"end":{"line":31,"column":60}},{"start":{"line":33,"column":10},"end":{"line":39,"column":94}},{"start":{"line":41,"column":10},"end":{"line":45,"column":49}},{"start":{"line":47,"column":10},"end":{"line":47,"column":18}},{"start":{"line":48,"column":10},"end":{"line":49,"column":35}}],"line":27}},"s":{"0":1,"1":1,"2":1,"3":1,"4":1,"5":1,"6":1,"7":1,"8":1,"9":1,"10":1,"11":0,"12":0,"13":0,"14":0,"15":0,"16":0,"17":0,"18":0,"19":0,"20":0,"21":0,"22":0,"23":0,"24":0,"25":0,"26":0,"27":1,"28":0,"29":1,"30":1},"f":{"0":1,"1":0,"2":0,"3":0},"b":{"0":[0,0,0,0,0]},"_coverageSchema":"1a1c01bbd47fc00a2c39e90264f33305004495a9","hash":"d339a1bb29f75024611b8ee42e7571fa55d23ed3","contentHash":"3d4ed232d2b7a73488785d426e8e796583de9439be4a49b07d53b11cceddce39"}}